[2023-07-27T07:38:40.325+0000] {processor.py:157} INFO - Started process (PID=5002) to work on /opt/airflow/dags/load_dag.py
[2023-07-27T07:38:40.326+0000] {processor.py:826} INFO - Processing file /opt/airflow/dags/load_dag.py for tasks to queue
[2023-07-27T07:38:40.327+0000] {logging_mixin.py:149} INFO - [2023-07-27T07:38:40.327+0000] {dagbag.py:541} INFO - Filling up the DagBag from /opt/airflow/dags/load_dag.py
[2023-07-27T07:38:40.907+0000] {processor.py:836} INFO - DAG(s) dict_keys(['gcp_test']) retrieved from /opt/airflow/dags/load_dag.py
[2023-07-27T07:38:40.929+0000] {logging_mixin.py:149} INFO - [2023-07-27T07:38:40.929+0000] {dag.py:2726} INFO - Sync 1 DAGs
[2023-07-27T07:38:40.950+0000] {logging_mixin.py:149} INFO - [2023-07-27T07:38:40.950+0000] {dag.py:3490} INFO - Setting next_dagrun for gcp_test to 2023-07-27T00:00:00+00:00, run_after=2023-07-28T00:00:00+00:00
[2023-07-27T07:38:40.972+0000] {processor.py:179} INFO - Processing /opt/airflow/dags/load_dag.py took 0.650 seconds
[2023-07-27T07:39:11.044+0000] {processor.py:157} INFO - Started process (PID=5091) to work on /opt/airflow/dags/load_dag.py
[2023-07-27T07:39:11.046+0000] {processor.py:826} INFO - Processing file /opt/airflow/dags/load_dag.py for tasks to queue
[2023-07-27T07:39:11.047+0000] {logging_mixin.py:149} INFO - [2023-07-27T07:39:11.047+0000] {dagbag.py:541} INFO - Filling up the DagBag from /opt/airflow/dags/load_dag.py
[2023-07-27T07:39:11.633+0000] {processor.py:836} INFO - DAG(s) dict_keys(['gcp_test']) retrieved from /opt/airflow/dags/load_dag.py
[2023-07-27T07:39:11.649+0000] {logging_mixin.py:149} INFO - [2023-07-27T07:39:11.649+0000] {dag.py:2726} INFO - Sync 1 DAGs
[2023-07-27T07:39:11.674+0000] {logging_mixin.py:149} INFO - [2023-07-27T07:39:11.673+0000] {dag.py:3490} INFO - Setting next_dagrun for gcp_test to 2023-07-27T00:00:00+00:00, run_after=2023-07-28T00:00:00+00:00
[2023-07-27T07:39:11.697+0000] {processor.py:179} INFO - Processing /opt/airflow/dags/load_dag.py took 0.657 seconds
[2023-07-27T07:39:42.053+0000] {processor.py:157} INFO - Started process (PID=5188) to work on /opt/airflow/dags/load_dag.py
[2023-07-27T07:39:42.055+0000] {processor.py:826} INFO - Processing file /opt/airflow/dags/load_dag.py for tasks to queue
[2023-07-27T07:39:42.056+0000] {logging_mixin.py:149} INFO - [2023-07-27T07:39:42.056+0000] {dagbag.py:541} INFO - Filling up the DagBag from /opt/airflow/dags/load_dag.py
[2023-07-27T07:39:48.933+0000] {processor.py:836} INFO - DAG(s) dict_keys(['gcp_test']) retrieved from /opt/airflow/dags/load_dag.py
[2023-07-27T07:39:49.129+0000] {logging_mixin.py:149} INFO - [2023-07-27T07:39:49.128+0000] {dag.py:2726} INFO - Sync 1 DAGs
[2023-07-27T07:39:49.199+0000] {logging_mixin.py:149} INFO - [2023-07-27T07:39:49.199+0000] {dag.py:3490} INFO - Setting next_dagrun for gcp_test to 2023-07-27T00:00:00+00:00, run_after=2023-07-28T00:00:00+00:00
[2023-07-27T07:39:49.238+0000] {processor.py:179} INFO - Processing /opt/airflow/dags/load_dag.py took 7.193 seconds
[2023-07-27T07:40:19.393+0000] {processor.py:157} INFO - Started process (PID=5285) to work on /opt/airflow/dags/load_dag.py
[2023-07-27T07:40:19.394+0000] {processor.py:826} INFO - Processing file /opt/airflow/dags/load_dag.py for tasks to queue
[2023-07-27T07:40:19.395+0000] {logging_mixin.py:149} INFO - [2023-07-27T07:40:19.395+0000] {dagbag.py:541} INFO - Filling up the DagBag from /opt/airflow/dags/load_dag.py
[2023-07-27T07:40:19.945+0000] {processor.py:836} INFO - DAG(s) dict_keys(['gcp_test']) retrieved from /opt/airflow/dags/load_dag.py
[2023-07-27T07:40:19.964+0000] {logging_mixin.py:149} INFO - [2023-07-27T07:40:19.963+0000] {dag.py:2726} INFO - Sync 1 DAGs
[2023-07-27T07:40:19.982+0000] {logging_mixin.py:149} INFO - [2023-07-27T07:40:19.982+0000] {dag.py:3490} INFO - Setting next_dagrun for gcp_test to 2023-07-27T00:00:00+00:00, run_after=2023-07-28T00:00:00+00:00
[2023-07-27T07:40:20.000+0000] {processor.py:179} INFO - Processing /opt/airflow/dags/load_dag.py took 0.611 seconds
