[2023-07-27T07:38:40.317+0000] {processor.py:157} INFO - Started process (PID=5001) to work on /opt/airflow/dags/load_dag_gcs_api.py
[2023-07-27T07:38:40.318+0000] {processor.py:826} INFO - Processing file /opt/airflow/dags/load_dag_gcs_api.py for tasks to queue
[2023-07-27T07:38:40.319+0000] {logging_mixin.py:149} INFO - [2023-07-27T07:38:40.319+0000] {dagbag.py:541} INFO - Filling up the DagBag from /opt/airflow/dags/load_dag_gcs_api.py
[2023-07-27T07:38:41.052+0000] {processor.py:836} INFO - DAG(s) dict_keys(['load_dag_gcs_api']) retrieved from /opt/airflow/dags/load_dag_gcs_api.py
[2023-07-27T07:38:41.068+0000] {logging_mixin.py:149} INFO - [2023-07-27T07:38:41.068+0000] {dag.py:2726} INFO - Sync 1 DAGs
[2023-07-27T07:38:41.096+0000] {logging_mixin.py:149} INFO - [2023-07-27T07:38:41.096+0000] {dag.py:3490} INFO - Setting next_dagrun for load_dag_gcs_api to 2023-07-27T01:00:00+00:00, run_after=2023-07-28T01:00:00+00:00
[2023-07-27T07:38:41.120+0000] {processor.py:179} INFO - Processing /opt/airflow/dags/load_dag_gcs_api.py took 0.806 seconds
[2023-07-27T07:39:11.734+0000] {processor.py:157} INFO - Started process (PID=5108) to work on /opt/airflow/dags/load_dag_gcs_api.py
[2023-07-27T07:39:11.735+0000] {processor.py:826} INFO - Processing file /opt/airflow/dags/load_dag_gcs_api.py for tasks to queue
[2023-07-27T07:39:11.736+0000] {logging_mixin.py:149} INFO - [2023-07-27T07:39:11.736+0000] {dagbag.py:541} INFO - Filling up the DagBag from /opt/airflow/dags/load_dag_gcs_api.py
[2023-07-27T07:39:12.430+0000] {processor.py:836} INFO - DAG(s) dict_keys(['load_dag_gcs_api']) retrieved from /opt/airflow/dags/load_dag_gcs_api.py
[2023-07-27T07:39:12.444+0000] {logging_mixin.py:149} INFO - [2023-07-27T07:39:12.443+0000] {dag.py:2726} INFO - Sync 1 DAGs
[2023-07-27T07:39:12.467+0000] {logging_mixin.py:149} INFO - [2023-07-27T07:39:12.467+0000] {dag.py:3490} INFO - Setting next_dagrun for load_dag_gcs_api to 2023-07-27T01:00:00+00:00, run_after=2023-07-28T01:00:00+00:00
[2023-07-27T07:39:12.489+0000] {processor.py:179} INFO - Processing /opt/airflow/dags/load_dag_gcs_api.py took 0.759 seconds
[2023-07-27T07:39:49.212+0000] {processor.py:157} INFO - Started process (PID=5205) to work on /opt/airflow/dags/load_dag_gcs_api.py
[2023-07-27T07:39:49.220+0000] {processor.py:826} INFO - Processing file /opt/airflow/dags/load_dag_gcs_api.py for tasks to queue
[2023-07-27T07:39:49.222+0000] {logging_mixin.py:149} INFO - [2023-07-27T07:39:49.222+0000] {dagbag.py:541} INFO - Filling up the DagBag from /opt/airflow/dags/load_dag_gcs_api.py
[2023-07-27T07:39:50.173+0000] {processor.py:836} INFO - DAG(s) dict_keys(['load_dag_gcs_api']) retrieved from /opt/airflow/dags/load_dag_gcs_api.py
[2023-07-27T07:39:50.187+0000] {logging_mixin.py:149} INFO - [2023-07-27T07:39:50.187+0000] {dag.py:2726} INFO - Sync 1 DAGs
[2023-07-27T07:39:50.209+0000] {logging_mixin.py:149} INFO - [2023-07-27T07:39:50.209+0000] {dag.py:3490} INFO - Setting next_dagrun for load_dag_gcs_api to 2023-07-27T01:00:00+00:00, run_after=2023-07-28T01:00:00+00:00
[2023-07-27T07:39:50.234+0000] {processor.py:179} INFO - Processing /opt/airflow/dags/load_dag_gcs_api.py took 1.028 seconds
[2023-07-27T07:40:20.355+0000] {processor.py:157} INFO - Started process (PID=5306) to work on /opt/airflow/dags/load_dag_gcs_api.py
[2023-07-27T07:40:20.356+0000] {processor.py:826} INFO - Processing file /opt/airflow/dags/load_dag_gcs_api.py for tasks to queue
[2023-07-27T07:40:20.357+0000] {logging_mixin.py:149} INFO - [2023-07-27T07:40:20.357+0000] {dagbag.py:541} INFO - Filling up the DagBag from /opt/airflow/dags/load_dag_gcs_api.py
[2023-07-27T07:40:20.952+0000] {processor.py:836} INFO - DAG(s) dict_keys(['load_dag_gcs_api']) retrieved from /opt/airflow/dags/load_dag_gcs_api.py
[2023-07-27T07:40:20.964+0000] {logging_mixin.py:149} INFO - [2023-07-27T07:40:20.964+0000] {dag.py:2726} INFO - Sync 1 DAGs
[2023-07-27T07:40:20.986+0000] {logging_mixin.py:149} INFO - [2023-07-27T07:40:20.986+0000] {dag.py:3490} INFO - Setting next_dagrun for load_dag_gcs_api to 2023-07-27T01:00:00+00:00, run_after=2023-07-28T01:00:00+00:00
[2023-07-27T07:40:21.007+0000] {processor.py:179} INFO - Processing /opt/airflow/dags/load_dag_gcs_api.py took 0.656 seconds
