[2023-07-27T07:38:41.519+0000] {processor.py:157} INFO - Started process (PID=5024) to work on /home/airflow/.local/lib/python3.7/site-packages/airflow/example_dags/example_branch_labels.py
[2023-07-27T07:38:41.520+0000] {processor.py:826} INFO - Processing file /home/airflow/.local/lib/python3.7/site-packages/airflow/example_dags/example_branch_labels.py for tasks to queue
[2023-07-27T07:38:41.521+0000] {logging_mixin.py:149} INFO - [2023-07-27T07:38:41.521+0000] {dagbag.py:541} INFO - Filling up the DagBag from /home/airflow/.local/lib/python3.7/site-packages/airflow/example_dags/example_branch_labels.py
[2023-07-27T07:38:41.530+0000] {processor.py:836} INFO - DAG(s) dict_keys(['example_branch_labels']) retrieved from /home/airflow/.local/lib/python3.7/site-packages/airflow/example_dags/example_branch_labels.py
[2023-07-27T07:38:41.563+0000] {logging_mixin.py:149} INFO - [2023-07-27T07:38:41.562+0000] {dag.py:2726} INFO - Sync 1 DAGs
[2023-07-27T07:38:41.589+0000] {logging_mixin.py:149} INFO - [2023-07-27T07:38:41.589+0000] {dag.py:3490} INFO - Setting next_dagrun for example_branch_labels to 2023-07-26T00:00:00+00:00, run_after=2023-07-27T00:00:00+00:00
[2023-07-27T07:38:41.613+0000] {processor.py:179} INFO - Processing /home/airflow/.local/lib/python3.7/site-packages/airflow/example_dags/example_branch_labels.py took 0.098 seconds
[2023-07-27T07:39:12.528+0000] {processor.py:157} INFO - Started process (PID=5122) to work on /home/airflow/.local/lib/python3.7/site-packages/airflow/example_dags/example_branch_labels.py
[2023-07-27T07:39:12.530+0000] {processor.py:826} INFO - Processing file /home/airflow/.local/lib/python3.7/site-packages/airflow/example_dags/example_branch_labels.py for tasks to queue
[2023-07-27T07:39:12.531+0000] {logging_mixin.py:149} INFO - [2023-07-27T07:39:12.531+0000] {dagbag.py:541} INFO - Filling up the DagBag from /home/airflow/.local/lib/python3.7/site-packages/airflow/example_dags/example_branch_labels.py
[2023-07-27T07:39:12.540+0000] {processor.py:836} INFO - DAG(s) dict_keys(['example_branch_labels']) retrieved from /home/airflow/.local/lib/python3.7/site-packages/airflow/example_dags/example_branch_labels.py
[2023-07-27T07:39:12.572+0000] {logging_mixin.py:149} INFO - [2023-07-27T07:39:12.572+0000] {dag.py:2726} INFO - Sync 1 DAGs
[2023-07-27T07:39:12.601+0000] {logging_mixin.py:149} INFO - [2023-07-27T07:39:12.601+0000] {dag.py:3490} INFO - Setting next_dagrun for example_branch_labels to 2023-07-26T00:00:00+00:00, run_after=2023-07-27T00:00:00+00:00
[2023-07-27T07:39:12.624+0000] {processor.py:179} INFO - Processing /home/airflow/.local/lib/python3.7/site-packages/airflow/example_dags/example_branch_labels.py took 0.099 seconds
[2023-07-27T07:39:50.704+0000] {processor.py:157} INFO - Started process (PID=5229) to work on /home/airflow/.local/lib/python3.7/site-packages/airflow/example_dags/example_branch_labels.py
[2023-07-27T07:39:50.706+0000] {processor.py:826} INFO - Processing file /home/airflow/.local/lib/python3.7/site-packages/airflow/example_dags/example_branch_labels.py for tasks to queue
[2023-07-27T07:39:50.707+0000] {logging_mixin.py:149} INFO - [2023-07-27T07:39:50.707+0000] {dagbag.py:541} INFO - Filling up the DagBag from /home/airflow/.local/lib/python3.7/site-packages/airflow/example_dags/example_branch_labels.py
[2023-07-27T07:39:50.715+0000] {processor.py:836} INFO - DAG(s) dict_keys(['example_branch_labels']) retrieved from /home/airflow/.local/lib/python3.7/site-packages/airflow/example_dags/example_branch_labels.py
[2023-07-27T07:39:50.745+0000] {logging_mixin.py:149} INFO - [2023-07-27T07:39:50.745+0000] {dag.py:2726} INFO - Sync 1 DAGs
[2023-07-27T07:39:50.773+0000] {logging_mixin.py:149} INFO - [2023-07-27T07:39:50.773+0000] {dag.py:3490} INFO - Setting next_dagrun for example_branch_labels to 2023-07-26T00:00:00+00:00, run_after=2023-07-27T00:00:00+00:00
[2023-07-27T07:39:50.795+0000] {processor.py:179} INFO - Processing /home/airflow/.local/lib/python3.7/site-packages/airflow/example_dags/example_branch_labels.py took 0.094 seconds
[2023-07-27T07:40:21.668+0000] {processor.py:157} INFO - Started process (PID=5326) to work on /home/airflow/.local/lib/python3.7/site-packages/airflow/example_dags/example_branch_labels.py
[2023-07-27T07:40:21.670+0000] {processor.py:826} INFO - Processing file /home/airflow/.local/lib/python3.7/site-packages/airflow/example_dags/example_branch_labels.py for tasks to queue
[2023-07-27T07:40:21.671+0000] {logging_mixin.py:149} INFO - [2023-07-27T07:40:21.670+0000] {dagbag.py:541} INFO - Filling up the DagBag from /home/airflow/.local/lib/python3.7/site-packages/airflow/example_dags/example_branch_labels.py
[2023-07-27T07:40:21.679+0000] {processor.py:836} INFO - DAG(s) dict_keys(['example_branch_labels']) retrieved from /home/airflow/.local/lib/python3.7/site-packages/airflow/example_dags/example_branch_labels.py
[2023-07-27T07:40:21.708+0000] {logging_mixin.py:149} INFO - [2023-07-27T07:40:21.708+0000] {dag.py:2726} INFO - Sync 1 DAGs
[2023-07-27T07:40:21.733+0000] {logging_mixin.py:149} INFO - [2023-07-27T07:40:21.733+0000] {dag.py:3490} INFO - Setting next_dagrun for example_branch_labels to 2023-07-26T00:00:00+00:00, run_after=2023-07-27T00:00:00+00:00
[2023-07-27T07:40:21.757+0000] {processor.py:179} INFO - Processing /home/airflow/.local/lib/python3.7/site-packages/airflow/example_dags/example_branch_labels.py took 0.092 seconds
