[2023-07-27T07:38:45.778+0000] {processor.py:157} INFO - Started process (PID=5069) to work on /home/airflow/.local/lib/python3.7/site-packages/airflow/example_dags/example_xcomargs.py
[2023-07-27T07:38:45.779+0000] {processor.py:826} INFO - Processing file /home/airflow/.local/lib/python3.7/site-packages/airflow/example_dags/example_xcomargs.py for tasks to queue
[2023-07-27T07:38:45.780+0000] {logging_mixin.py:149} INFO - [2023-07-27T07:38:45.780+0000] {dagbag.py:541} INFO - Filling up the DagBag from /home/airflow/.local/lib/python3.7/site-packages/airflow/example_dags/example_xcomargs.py
[2023-07-27T07:38:45.790+0000] {processor.py:836} INFO - DAG(s) dict_keys(['example_xcom_args_with_operators', 'example_xcom_args']) retrieved from /home/airflow/.local/lib/python3.7/site-packages/airflow/example_dags/example_xcomargs.py
[2023-07-27T07:38:45.820+0000] {logging_mixin.py:149} INFO - [2023-07-27T07:38:45.820+0000] {dag.py:2726} INFO - Sync 2 DAGs
[2023-07-27T07:38:45.845+0000] {logging_mixin.py:149} INFO - [2023-07-27T07:38:45.845+0000] {dag.py:3490} INFO - Setting next_dagrun for example_xcom_args to None, run_after=None
[2023-07-27T07:38:45.849+0000] {logging_mixin.py:149} INFO - [2023-07-27T07:38:45.849+0000] {dag.py:3490} INFO - Setting next_dagrun for example_xcom_args_with_operators to None, run_after=None
[2023-07-27T07:38:45.872+0000] {processor.py:179} INFO - Processing /home/airflow/.local/lib/python3.7/site-packages/airflow/example_dags/example_xcomargs.py took 0.098 seconds
[2023-07-27T07:39:16.515+0000] {processor.py:157} INFO - Started process (PID=5167) to work on /home/airflow/.local/lib/python3.7/site-packages/airflow/example_dags/example_xcomargs.py
[2023-07-27T07:39:16.516+0000] {processor.py:826} INFO - Processing file /home/airflow/.local/lib/python3.7/site-packages/airflow/example_dags/example_xcomargs.py for tasks to queue
[2023-07-27T07:39:16.517+0000] {logging_mixin.py:149} INFO - [2023-07-27T07:39:16.517+0000] {dagbag.py:541} INFO - Filling up the DagBag from /home/airflow/.local/lib/python3.7/site-packages/airflow/example_dags/example_xcomargs.py
[2023-07-27T07:39:16.524+0000] {processor.py:836} INFO - DAG(s) dict_keys(['example_xcom_args_with_operators', 'example_xcom_args']) retrieved from /home/airflow/.local/lib/python3.7/site-packages/airflow/example_dags/example_xcomargs.py
[2023-07-27T07:39:16.555+0000] {logging_mixin.py:149} INFO - [2023-07-27T07:39:16.555+0000] {dag.py:2726} INFO - Sync 2 DAGs
[2023-07-27T07:39:16.578+0000] {logging_mixin.py:149} INFO - [2023-07-27T07:39:16.577+0000] {dag.py:3490} INFO - Setting next_dagrun for example_xcom_args to None, run_after=None
[2023-07-27T07:39:16.582+0000] {logging_mixin.py:149} INFO - [2023-07-27T07:39:16.581+0000] {dag.py:3490} INFO - Setting next_dagrun for example_xcom_args_with_operators to None, run_after=None
[2023-07-27T07:39:16.603+0000] {processor.py:179} INFO - Processing /home/airflow/.local/lib/python3.7/site-packages/airflow/example_dags/example_xcomargs.py took 0.091 seconds
[2023-07-27T07:39:53.235+0000] {processor.py:157} INFO - Started process (PID=5264) to work on /home/airflow/.local/lib/python3.7/site-packages/airflow/example_dags/example_xcomargs.py
[2023-07-27T07:39:53.237+0000] {processor.py:826} INFO - Processing file /home/airflow/.local/lib/python3.7/site-packages/airflow/example_dags/example_xcomargs.py for tasks to queue
[2023-07-27T07:39:53.237+0000] {logging_mixin.py:149} INFO - [2023-07-27T07:39:53.237+0000] {dagbag.py:541} INFO - Filling up the DagBag from /home/airflow/.local/lib/python3.7/site-packages/airflow/example_dags/example_xcomargs.py
[2023-07-27T07:39:53.247+0000] {processor.py:836} INFO - DAG(s) dict_keys(['example_xcom_args_with_operators', 'example_xcom_args']) retrieved from /home/airflow/.local/lib/python3.7/site-packages/airflow/example_dags/example_xcomargs.py
[2023-07-27T07:39:53.277+0000] {logging_mixin.py:149} INFO - [2023-07-27T07:39:53.277+0000] {dag.py:2726} INFO - Sync 2 DAGs
[2023-07-27T07:39:53.302+0000] {logging_mixin.py:149} INFO - [2023-07-27T07:39:53.301+0000] {dag.py:3490} INFO - Setting next_dagrun for example_xcom_args to None, run_after=None
[2023-07-27T07:39:53.306+0000] {logging_mixin.py:149} INFO - [2023-07-27T07:39:53.306+0000] {dag.py:3490} INFO - Setting next_dagrun for example_xcom_args_with_operators to None, run_after=None
[2023-07-27T07:39:53.328+0000] {processor.py:179} INFO - Processing /home/airflow/.local/lib/python3.7/site-packages/airflow/example_dags/example_xcomargs.py took 0.096 seconds
[2023-07-27T07:40:24.468+0000] {processor.py:157} INFO - Started process (PID=5361) to work on /home/airflow/.local/lib/python3.7/site-packages/airflow/example_dags/example_xcomargs.py
[2023-07-27T07:40:24.469+0000] {processor.py:826} INFO - Processing file /home/airflow/.local/lib/python3.7/site-packages/airflow/example_dags/example_xcomargs.py for tasks to queue
[2023-07-27T07:40:24.471+0000] {logging_mixin.py:149} INFO - [2023-07-27T07:40:24.470+0000] {dagbag.py:541} INFO - Filling up the DagBag from /home/airflow/.local/lib/python3.7/site-packages/airflow/example_dags/example_xcomargs.py
[2023-07-27T07:40:24.480+0000] {processor.py:836} INFO - DAG(s) dict_keys(['example_xcom_args', 'example_xcom_args_with_operators']) retrieved from /home/airflow/.local/lib/python3.7/site-packages/airflow/example_dags/example_xcomargs.py
[2023-07-27T07:40:24.513+0000] {logging_mixin.py:149} INFO - [2023-07-27T07:40:24.513+0000] {dag.py:2726} INFO - Sync 2 DAGs
[2023-07-27T07:40:24.539+0000] {logging_mixin.py:149} INFO - [2023-07-27T07:40:24.539+0000] {dag.py:3490} INFO - Setting next_dagrun for example_xcom_args to None, run_after=None
[2023-07-27T07:40:24.544+0000] {logging_mixin.py:149} INFO - [2023-07-27T07:40:24.543+0000] {dag.py:3490} INFO - Setting next_dagrun for example_xcom_args_with_operators to None, run_after=None
[2023-07-27T07:40:24.566+0000] {processor.py:179} INFO - Processing /home/airflow/.local/lib/python3.7/site-packages/airflow/example_dags/example_xcomargs.py took 0.102 seconds
