[2023-07-27T07:38:42.287+0000] {processor.py:157} INFO - Started process (PID=5032) to work on /home/airflow/.local/lib/python3.7/site-packages/airflow/example_dags/example_skip_dag.py
[2023-07-27T07:38:42.288+0000] {processor.py:826} INFO - Processing file /home/airflow/.local/lib/python3.7/site-packages/airflow/example_dags/example_skip_dag.py for tasks to queue
[2023-07-27T07:38:42.289+0000] {logging_mixin.py:149} INFO - [2023-07-27T07:38:42.288+0000] {dagbag.py:541} INFO - Filling up the DagBag from /home/airflow/.local/lib/python3.7/site-packages/airflow/example_dags/example_skip_dag.py
[2023-07-27T07:38:42.296+0000] {processor.py:836} INFO - DAG(s) dict_keys(['example_skip_dag']) retrieved from /home/airflow/.local/lib/python3.7/site-packages/airflow/example_dags/example_skip_dag.py
[2023-07-27T07:38:42.325+0000] {logging_mixin.py:149} INFO - [2023-07-27T07:38:42.324+0000] {dag.py:2726} INFO - Sync 1 DAGs
[2023-07-27T07:38:42.350+0000] {logging_mixin.py:149} INFO - [2023-07-27T07:38:42.350+0000] {dag.py:3490} INFO - Setting next_dagrun for example_skip_dag to 2023-07-26T07:38:42.349959+00:00, run_after=2023-07-27T07:38:42.349959+00:00
[2023-07-27T07:38:42.376+0000] {processor.py:179} INFO - Processing /home/airflow/.local/lib/python3.7/site-packages/airflow/example_dags/example_skip_dag.py took 0.093 seconds
[2023-07-27T07:39:13.309+0000] {processor.py:157} INFO - Started process (PID=5130) to work on /home/airflow/.local/lib/python3.7/site-packages/airflow/example_dags/example_skip_dag.py
[2023-07-27T07:39:13.310+0000] {processor.py:826} INFO - Processing file /home/airflow/.local/lib/python3.7/site-packages/airflow/example_dags/example_skip_dag.py for tasks to queue
[2023-07-27T07:39:13.311+0000] {logging_mixin.py:149} INFO - [2023-07-27T07:39:13.311+0000] {dagbag.py:541} INFO - Filling up the DagBag from /home/airflow/.local/lib/python3.7/site-packages/airflow/example_dags/example_skip_dag.py
[2023-07-27T07:39:13.318+0000] {processor.py:836} INFO - DAG(s) dict_keys(['example_skip_dag']) retrieved from /home/airflow/.local/lib/python3.7/site-packages/airflow/example_dags/example_skip_dag.py
[2023-07-27T07:39:13.347+0000] {logging_mixin.py:149} INFO - [2023-07-27T07:39:13.346+0000] {dag.py:2726} INFO - Sync 1 DAGs
[2023-07-27T07:39:13.376+0000] {logging_mixin.py:149} INFO - [2023-07-27T07:39:13.376+0000] {dag.py:3490} INFO - Setting next_dagrun for example_skip_dag to 2023-07-26T07:39:13.375856+00:00, run_after=2023-07-27T07:39:13.375856+00:00
[2023-07-27T07:39:13.397+0000] {processor.py:179} INFO - Processing /home/airflow/.local/lib/python3.7/site-packages/airflow/example_dags/example_skip_dag.py took 0.091 seconds
[2023-07-27T07:39:51.231+0000] {processor.py:157} INFO - Started process (PID=5236) to work on /home/airflow/.local/lib/python3.7/site-packages/airflow/example_dags/example_skip_dag.py
[2023-07-27T07:39:51.233+0000] {processor.py:826} INFO - Processing file /home/airflow/.local/lib/python3.7/site-packages/airflow/example_dags/example_skip_dag.py for tasks to queue
[2023-07-27T07:39:51.234+0000] {logging_mixin.py:149} INFO - [2023-07-27T07:39:51.234+0000] {dagbag.py:541} INFO - Filling up the DagBag from /home/airflow/.local/lib/python3.7/site-packages/airflow/example_dags/example_skip_dag.py
[2023-07-27T07:39:51.243+0000] {processor.py:836} INFO - DAG(s) dict_keys(['example_skip_dag']) retrieved from /home/airflow/.local/lib/python3.7/site-packages/airflow/example_dags/example_skip_dag.py
[2023-07-27T07:39:51.269+0000] {logging_mixin.py:149} INFO - [2023-07-27T07:39:51.269+0000] {dag.py:2726} INFO - Sync 1 DAGs
[2023-07-27T07:39:51.293+0000] {logging_mixin.py:149} INFO - [2023-07-27T07:39:51.293+0000] {dag.py:3490} INFO - Setting next_dagrun for example_skip_dag to 2023-07-26T07:39:51.293375+00:00, run_after=2023-07-27T07:39:51.293375+00:00
[2023-07-27T07:39:51.316+0000] {processor.py:179} INFO - Processing /home/airflow/.local/lib/python3.7/site-packages/airflow/example_dags/example_skip_dag.py took 0.087 seconds
[2023-07-27T07:40:22.300+0000] {processor.py:157} INFO - Started process (PID=5333) to work on /home/airflow/.local/lib/python3.7/site-packages/airflow/example_dags/example_skip_dag.py
[2023-07-27T07:40:22.302+0000] {processor.py:826} INFO - Processing file /home/airflow/.local/lib/python3.7/site-packages/airflow/example_dags/example_skip_dag.py for tasks to queue
[2023-07-27T07:40:22.303+0000] {logging_mixin.py:149} INFO - [2023-07-27T07:40:22.302+0000] {dagbag.py:541} INFO - Filling up the DagBag from /home/airflow/.local/lib/python3.7/site-packages/airflow/example_dags/example_skip_dag.py
[2023-07-27T07:40:22.310+0000] {processor.py:836} INFO - DAG(s) dict_keys(['example_skip_dag']) retrieved from /home/airflow/.local/lib/python3.7/site-packages/airflow/example_dags/example_skip_dag.py
[2023-07-27T07:40:22.339+0000] {logging_mixin.py:149} INFO - [2023-07-27T07:40:22.338+0000] {dag.py:2726} INFO - Sync 1 DAGs
[2023-07-27T07:40:22.363+0000] {logging_mixin.py:149} INFO - [2023-07-27T07:40:22.363+0000] {dag.py:3490} INFO - Setting next_dagrun for example_skip_dag to 2023-07-26T07:40:22.363529+00:00, run_after=2023-07-27T07:40:22.363529+00:00
[2023-07-27T07:40:22.388+0000] {processor.py:179} INFO - Processing /home/airflow/.local/lib/python3.7/site-packages/airflow/example_dags/example_skip_dag.py took 0.091 seconds
