[2023-07-27T07:38:44.793+0000] {processor.py:157} INFO - Started process (PID=5054) to work on /home/airflow/.local/lib/python3.7/site-packages/airflow/example_dags/example_local_kubernetes_executor.py
[2023-07-27T07:38:44.794+0000] {processor.py:826} INFO - Processing file /home/airflow/.local/lib/python3.7/site-packages/airflow/example_dags/example_local_kubernetes_executor.py for tasks to queue
[2023-07-27T07:38:44.795+0000] {logging_mixin.py:149} INFO - [2023-07-27T07:38:44.795+0000] {dagbag.py:541} INFO - Filling up the DagBag from /home/airflow/.local/lib/python3.7/site-packages/airflow/example_dags/example_local_kubernetes_executor.py
[2023-07-27T07:38:45.170+0000] {processor.py:836} INFO - DAG(s) dict_keys(['example_local_kubernetes_executor']) retrieved from /home/airflow/.local/lib/python3.7/site-packages/airflow/example_dags/example_local_kubernetes_executor.py
[2023-07-27T07:38:45.206+0000] {logging_mixin.py:149} INFO - [2023-07-27T07:38:45.206+0000] {dag.py:2726} INFO - Sync 1 DAGs
[2023-07-27T07:38:45.227+0000] {logging_mixin.py:149} INFO - [2023-07-27T07:38:45.227+0000] {dag.py:3490} INFO - Setting next_dagrun for example_local_kubernetes_executor to None, run_after=None
[2023-07-27T07:38:45.246+0000] {processor.py:179} INFO - Processing /home/airflow/.local/lib/python3.7/site-packages/airflow/example_dags/example_local_kubernetes_executor.py took 0.458 seconds
[2023-07-27T07:39:15.596+0000] {processor.py:157} INFO - Started process (PID=5152) to work on /home/airflow/.local/lib/python3.7/site-packages/airflow/example_dags/example_local_kubernetes_executor.py
[2023-07-27T07:39:15.597+0000] {processor.py:826} INFO - Processing file /home/airflow/.local/lib/python3.7/site-packages/airflow/example_dags/example_local_kubernetes_executor.py for tasks to queue
[2023-07-27T07:39:15.598+0000] {logging_mixin.py:149} INFO - [2023-07-27T07:39:15.598+0000] {dagbag.py:541} INFO - Filling up the DagBag from /home/airflow/.local/lib/python3.7/site-packages/airflow/example_dags/example_local_kubernetes_executor.py
[2023-07-27T07:39:15.932+0000] {processor.py:836} INFO - DAG(s) dict_keys(['example_local_kubernetes_executor']) retrieved from /home/airflow/.local/lib/python3.7/site-packages/airflow/example_dags/example_local_kubernetes_executor.py
[2023-07-27T07:39:15.967+0000] {logging_mixin.py:149} INFO - [2023-07-27T07:39:15.967+0000] {dag.py:2726} INFO - Sync 1 DAGs
[2023-07-27T07:39:15.989+0000] {logging_mixin.py:149} INFO - [2023-07-27T07:39:15.989+0000] {dag.py:3490} INFO - Setting next_dagrun for example_local_kubernetes_executor to None, run_after=None
[2023-07-27T07:39:16.009+0000] {processor.py:179} INFO - Processing /home/airflow/.local/lib/python3.7/site-packages/airflow/example_dags/example_local_kubernetes_executor.py took 0.417 seconds
[2023-07-27T07:39:52.615+0000] {processor.py:157} INFO - Started process (PID=5257) to work on /home/airflow/.local/lib/python3.7/site-packages/airflow/example_dags/example_local_kubernetes_executor.py
[2023-07-27T07:39:52.617+0000] {processor.py:826} INFO - Processing file /home/airflow/.local/lib/python3.7/site-packages/airflow/example_dags/example_local_kubernetes_executor.py for tasks to queue
[2023-07-27T07:39:52.618+0000] {logging_mixin.py:149} INFO - [2023-07-27T07:39:52.618+0000] {dagbag.py:541} INFO - Filling up the DagBag from /home/airflow/.local/lib/python3.7/site-packages/airflow/example_dags/example_local_kubernetes_executor.py
[2023-07-27T07:39:52.983+0000] {processor.py:836} INFO - DAG(s) dict_keys(['example_local_kubernetes_executor']) retrieved from /home/airflow/.local/lib/python3.7/site-packages/airflow/example_dags/example_local_kubernetes_executor.py
[2023-07-27T07:39:53.015+0000] {logging_mixin.py:149} INFO - [2023-07-27T07:39:53.015+0000] {dag.py:2726} INFO - Sync 1 DAGs
[2023-07-27T07:39:53.035+0000] {logging_mixin.py:149} INFO - [2023-07-27T07:39:53.035+0000] {dag.py:3490} INFO - Setting next_dagrun for example_local_kubernetes_executor to None, run_after=None
[2023-07-27T07:39:53.054+0000] {processor.py:179} INFO - Processing /home/airflow/.local/lib/python3.7/site-packages/airflow/example_dags/example_local_kubernetes_executor.py took 0.442 seconds
[2023-07-27T07:40:23.943+0000] {processor.py:157} INFO - Started process (PID=5355) to work on /home/airflow/.local/lib/python3.7/site-packages/airflow/example_dags/example_local_kubernetes_executor.py
[2023-07-27T07:40:23.945+0000] {processor.py:826} INFO - Processing file /home/airflow/.local/lib/python3.7/site-packages/airflow/example_dags/example_local_kubernetes_executor.py for tasks to queue
[2023-07-27T07:40:23.945+0000] {logging_mixin.py:149} INFO - [2023-07-27T07:40:23.945+0000] {dagbag.py:541} INFO - Filling up the DagBag from /home/airflow/.local/lib/python3.7/site-packages/airflow/example_dags/example_local_kubernetes_executor.py
[2023-07-27T07:40:24.254+0000] {processor.py:836} INFO - DAG(s) dict_keys(['example_local_kubernetes_executor']) retrieved from /home/airflow/.local/lib/python3.7/site-packages/airflow/example_dags/example_local_kubernetes_executor.py
[2023-07-27T07:40:24.291+0000] {logging_mixin.py:149} INFO - [2023-07-27T07:40:24.291+0000] {dag.py:2726} INFO - Sync 1 DAGs
[2023-07-27T07:40:24.314+0000] {logging_mixin.py:149} INFO - [2023-07-27T07:40:24.314+0000] {dag.py:3490} INFO - Setting next_dagrun for example_local_kubernetes_executor to None, run_after=None
[2023-07-27T07:40:24.335+0000] {processor.py:179} INFO - Processing /home/airflow/.local/lib/python3.7/site-packages/airflow/example_dags/example_local_kubernetes_executor.py took 0.395 seconds
