[2023-07-27T07:38:43.100+0000] {processor.py:157} INFO - Started process (PID=5043) to work on /home/airflow/.local/lib/python3.7/site-packages/airflow/example_dags/example_latest_only.py
[2023-07-27T07:38:43.101+0000] {processor.py:826} INFO - Processing file /home/airflow/.local/lib/python3.7/site-packages/airflow/example_dags/example_latest_only.py for tasks to queue
[2023-07-27T07:38:43.102+0000] {logging_mixin.py:149} INFO - [2023-07-27T07:38:43.102+0000] {dagbag.py:541} INFO - Filling up the DagBag from /home/airflow/.local/lib/python3.7/site-packages/airflow/example_dags/example_latest_only.py
[2023-07-27T07:38:43.109+0000] {processor.py:836} INFO - DAG(s) dict_keys(['latest_only']) retrieved from /home/airflow/.local/lib/python3.7/site-packages/airflow/example_dags/example_latest_only.py
[2023-07-27T07:38:43.140+0000] {logging_mixin.py:149} INFO - [2023-07-27T07:38:43.140+0000] {dag.py:2726} INFO - Sync 1 DAGs
[2023-07-27T07:38:43.164+0000] {logging_mixin.py:149} INFO - [2023-07-27T07:38:43.164+0000] {dag.py:3490} INFO - Setting next_dagrun for latest_only to 2023-07-27T03:38:43.163915+00:00, run_after=2023-07-27T07:38:43.163915+00:00
[2023-07-27T07:38:43.186+0000] {processor.py:179} INFO - Processing /home/airflow/.local/lib/python3.7/site-packages/airflow/example_dags/example_latest_only.py took 0.091 seconds
[2023-07-27T07:39:13.934+0000] {processor.py:157} INFO - Started process (PID=5141) to work on /home/airflow/.local/lib/python3.7/site-packages/airflow/example_dags/example_latest_only.py
[2023-07-27T07:39:13.935+0000] {processor.py:826} INFO - Processing file /home/airflow/.local/lib/python3.7/site-packages/airflow/example_dags/example_latest_only.py for tasks to queue
[2023-07-27T07:39:13.936+0000] {logging_mixin.py:149} INFO - [2023-07-27T07:39:13.936+0000] {dagbag.py:541} INFO - Filling up the DagBag from /home/airflow/.local/lib/python3.7/site-packages/airflow/example_dags/example_latest_only.py
[2023-07-27T07:39:13.943+0000] {processor.py:836} INFO - DAG(s) dict_keys(['latest_only']) retrieved from /home/airflow/.local/lib/python3.7/site-packages/airflow/example_dags/example_latest_only.py
[2023-07-27T07:39:13.968+0000] {logging_mixin.py:149} INFO - [2023-07-27T07:39:13.968+0000] {dag.py:2726} INFO - Sync 1 DAGs
[2023-07-27T07:39:13.992+0000] {logging_mixin.py:149} INFO - [2023-07-27T07:39:13.992+0000] {dag.py:3490} INFO - Setting next_dagrun for latest_only to 2023-07-27T03:39:13.991840+00:00, run_after=2023-07-27T07:39:13.991840+00:00
[2023-07-27T07:39:14.015+0000] {processor.py:179} INFO - Processing /home/airflow/.local/lib/python3.7/site-packages/airflow/example_dags/example_latest_only.py took 0.084 seconds
[2023-07-27T07:39:51.920+0000] {processor.py:157} INFO - Started process (PID=5247) to work on /home/airflow/.local/lib/python3.7/site-packages/airflow/example_dags/example_latest_only.py
[2023-07-27T07:39:51.922+0000] {processor.py:826} INFO - Processing file /home/airflow/.local/lib/python3.7/site-packages/airflow/example_dags/example_latest_only.py for tasks to queue
[2023-07-27T07:39:51.923+0000] {logging_mixin.py:149} INFO - [2023-07-27T07:39:51.922+0000] {dagbag.py:541} INFO - Filling up the DagBag from /home/airflow/.local/lib/python3.7/site-packages/airflow/example_dags/example_latest_only.py
[2023-07-27T07:39:51.930+0000] {processor.py:836} INFO - DAG(s) dict_keys(['latest_only']) retrieved from /home/airflow/.local/lib/python3.7/site-packages/airflow/example_dags/example_latest_only.py
[2023-07-27T07:39:51.958+0000] {logging_mixin.py:149} INFO - [2023-07-27T07:39:51.958+0000] {dag.py:2726} INFO - Sync 1 DAGs
[2023-07-27T07:39:51.982+0000] {logging_mixin.py:149} INFO - [2023-07-27T07:39:51.982+0000] {dag.py:3490} INFO - Setting next_dagrun for latest_only to 2023-07-27T03:39:51.981643+00:00, run_after=2023-07-27T07:39:51.981643+00:00
[2023-07-27T07:39:52.004+0000] {processor.py:179} INFO - Processing /home/airflow/.local/lib/python3.7/site-packages/airflow/example_dags/example_latest_only.py took 0.088 seconds
[2023-07-27T07:40:23.048+0000] {processor.py:157} INFO - Started process (PID=5344) to work on /home/airflow/.local/lib/python3.7/site-packages/airflow/example_dags/example_latest_only.py
[2023-07-27T07:40:23.049+0000] {processor.py:826} INFO - Processing file /home/airflow/.local/lib/python3.7/site-packages/airflow/example_dags/example_latest_only.py for tasks to queue
[2023-07-27T07:40:23.050+0000] {logging_mixin.py:149} INFO - [2023-07-27T07:40:23.050+0000] {dagbag.py:541} INFO - Filling up the DagBag from /home/airflow/.local/lib/python3.7/site-packages/airflow/example_dags/example_latest_only.py
[2023-07-27T07:40:23.056+0000] {processor.py:836} INFO - DAG(s) dict_keys(['latest_only']) retrieved from /home/airflow/.local/lib/python3.7/site-packages/airflow/example_dags/example_latest_only.py
[2023-07-27T07:40:23.083+0000] {logging_mixin.py:149} INFO - [2023-07-27T07:40:23.083+0000] {dag.py:2726} INFO - Sync 1 DAGs
[2023-07-27T07:40:23.107+0000] {logging_mixin.py:149} INFO - [2023-07-27T07:40:23.107+0000] {dag.py:3490} INFO - Setting next_dagrun for latest_only to 2023-07-27T03:40:23.107290+00:00, run_after=2023-07-27T07:40:23.107290+00:00
[2023-07-27T07:40:23.129+0000] {processor.py:179} INFO - Processing /home/airflow/.local/lib/python3.7/site-packages/airflow/example_dags/example_latest_only.py took 0.085 seconds
