[2023-07-27T07:38:41.649+0000] {processor.py:157} INFO - Started process (PID=5026) to work on /home/airflow/.local/lib/python3.7/site-packages/airflow/example_dags/example_dynamic_task_mapping_with_no_taskflow_operators.py
[2023-07-27T07:38:41.651+0000] {processor.py:826} INFO - Processing file /home/airflow/.local/lib/python3.7/site-packages/airflow/example_dags/example_dynamic_task_mapping_with_no_taskflow_operators.py for tasks to queue
[2023-07-27T07:38:41.653+0000] {logging_mixin.py:149} INFO - [2023-07-27T07:38:41.652+0000] {dagbag.py:541} INFO - Filling up the DagBag from /home/airflow/.local/lib/python3.7/site-packages/airflow/example_dags/example_dynamic_task_mapping_with_no_taskflow_operators.py
[2023-07-27T07:38:41.662+0000] {processor.py:836} INFO - DAG(s) dict_keys(['example_dynamic_task_mapping_with_no_taskflow_operators']) retrieved from /home/airflow/.local/lib/python3.7/site-packages/airflow/example_dags/example_dynamic_task_mapping_with_no_taskflow_operators.py
[2023-07-27T07:38:41.690+0000] {logging_mixin.py:149} INFO - [2023-07-27T07:38:41.689+0000] {dag.py:2726} INFO - Sync 1 DAGs
[2023-07-27T07:38:41.715+0000] {logging_mixin.py:149} INFO - [2023-07-27T07:38:41.715+0000] {dag.py:3490} INFO - Setting next_dagrun for example_dynamic_task_mapping_with_no_taskflow_operators to 2023-07-26T07:38:41.714811+00:00, run_after=2023-07-27T07:38:41.714811+00:00
[2023-07-27T07:38:41.737+0000] {processor.py:179} INFO - Processing /home/airflow/.local/lib/python3.7/site-packages/airflow/example_dags/example_dynamic_task_mapping_with_no_taskflow_operators.py took 0.091 seconds
[2023-07-27T07:39:12.730+0000] {processor.py:157} INFO - Started process (PID=5125) to work on /home/airflow/.local/lib/python3.7/site-packages/airflow/example_dags/example_dynamic_task_mapping_with_no_taskflow_operators.py
[2023-07-27T07:39:12.732+0000] {processor.py:826} INFO - Processing file /home/airflow/.local/lib/python3.7/site-packages/airflow/example_dags/example_dynamic_task_mapping_with_no_taskflow_operators.py for tasks to queue
[2023-07-27T07:39:12.733+0000] {logging_mixin.py:149} INFO - [2023-07-27T07:39:12.732+0000] {dagbag.py:541} INFO - Filling up the DagBag from /home/airflow/.local/lib/python3.7/site-packages/airflow/example_dags/example_dynamic_task_mapping_with_no_taskflow_operators.py
[2023-07-27T07:39:12.740+0000] {processor.py:836} INFO - DAG(s) dict_keys(['example_dynamic_task_mapping_with_no_taskflow_operators']) retrieved from /home/airflow/.local/lib/python3.7/site-packages/airflow/example_dags/example_dynamic_task_mapping_with_no_taskflow_operators.py
[2023-07-27T07:39:12.766+0000] {logging_mixin.py:149} INFO - [2023-07-27T07:39:12.766+0000] {dag.py:2726} INFO - Sync 1 DAGs
[2023-07-27T07:39:12.789+0000] {logging_mixin.py:149} INFO - [2023-07-27T07:39:12.789+0000] {dag.py:3490} INFO - Setting next_dagrun for example_dynamic_task_mapping_with_no_taskflow_operators to 2023-07-26T07:39:12.788873+00:00, run_after=2023-07-27T07:39:12.788873+00:00
[2023-07-27T07:39:12.810+0000] {processor.py:179} INFO - Processing /home/airflow/.local/lib/python3.7/site-packages/airflow/example_dags/example_dynamic_task_mapping_with_no_taskflow_operators.py took 0.083 seconds
[2023-07-27T07:39:50.826+0000] {processor.py:157} INFO - Started process (PID=5231) to work on /home/airflow/.local/lib/python3.7/site-packages/airflow/example_dags/example_dynamic_task_mapping_with_no_taskflow_operators.py
[2023-07-27T07:39:50.828+0000] {processor.py:826} INFO - Processing file /home/airflow/.local/lib/python3.7/site-packages/airflow/example_dags/example_dynamic_task_mapping_with_no_taskflow_operators.py for tasks to queue
[2023-07-27T07:39:50.829+0000] {logging_mixin.py:149} INFO - [2023-07-27T07:39:50.829+0000] {dagbag.py:541} INFO - Filling up the DagBag from /home/airflow/.local/lib/python3.7/site-packages/airflow/example_dags/example_dynamic_task_mapping_with_no_taskflow_operators.py
[2023-07-27T07:39:50.837+0000] {processor.py:836} INFO - DAG(s) dict_keys(['example_dynamic_task_mapping_with_no_taskflow_operators']) retrieved from /home/airflow/.local/lib/python3.7/site-packages/airflow/example_dags/example_dynamic_task_mapping_with_no_taskflow_operators.py
[2023-07-27T07:39:50.864+0000] {logging_mixin.py:149} INFO - [2023-07-27T07:39:50.864+0000] {dag.py:2726} INFO - Sync 1 DAGs
[2023-07-27T07:39:50.890+0000] {logging_mixin.py:149} INFO - [2023-07-27T07:39:50.890+0000] {dag.py:3490} INFO - Setting next_dagrun for example_dynamic_task_mapping_with_no_taskflow_operators to 2023-07-26T07:39:50.889799+00:00, run_after=2023-07-27T07:39:50.889799+00:00
[2023-07-27T07:39:50.911+0000] {processor.py:179} INFO - Processing /home/airflow/.local/lib/python3.7/site-packages/airflow/example_dags/example_dynamic_task_mapping_with_no_taskflow_operators.py took 0.088 seconds
[2023-07-27T07:40:21.793+0000] {processor.py:157} INFO - Started process (PID=5328) to work on /home/airflow/.local/lib/python3.7/site-packages/airflow/example_dags/example_dynamic_task_mapping_with_no_taskflow_operators.py
[2023-07-27T07:40:21.794+0000] {processor.py:826} INFO - Processing file /home/airflow/.local/lib/python3.7/site-packages/airflow/example_dags/example_dynamic_task_mapping_with_no_taskflow_operators.py for tasks to queue
[2023-07-27T07:40:21.795+0000] {logging_mixin.py:149} INFO - [2023-07-27T07:40:21.795+0000] {dagbag.py:541} INFO - Filling up the DagBag from /home/airflow/.local/lib/python3.7/site-packages/airflow/example_dags/example_dynamic_task_mapping_with_no_taskflow_operators.py
[2023-07-27T07:40:21.804+0000] {processor.py:836} INFO - DAG(s) dict_keys(['example_dynamic_task_mapping_with_no_taskflow_operators']) retrieved from /home/airflow/.local/lib/python3.7/site-packages/airflow/example_dags/example_dynamic_task_mapping_with_no_taskflow_operators.py
[2023-07-27T07:40:21.830+0000] {logging_mixin.py:149} INFO - [2023-07-27T07:40:21.830+0000] {dag.py:2726} INFO - Sync 1 DAGs
[2023-07-27T07:40:21.855+0000] {logging_mixin.py:149} INFO - [2023-07-27T07:40:21.855+0000] {dag.py:3490} INFO - Setting next_dagrun for example_dynamic_task_mapping_with_no_taskflow_operators to 2023-07-26T07:40:21.855318+00:00, run_after=2023-07-27T07:40:21.855318+00:00
[2023-07-27T07:40:21.878+0000] {processor.py:179} INFO - Processing /home/airflow/.local/lib/python3.7/site-packages/airflow/example_dags/example_dynamic_task_mapping_with_no_taskflow_operators.py took 0.089 seconds
