[2023-07-27T07:38:43.475+0000] {processor.py:157} INFO - Started process (PID=5049) to work on /home/airflow/.local/lib/python3.7/site-packages/airflow/example_dags/example_bash_operator.py
[2023-07-27T07:38:43.476+0000] {processor.py:826} INFO - Processing file /home/airflow/.local/lib/python3.7/site-packages/airflow/example_dags/example_bash_operator.py for tasks to queue
[2023-07-27T07:38:43.477+0000] {logging_mixin.py:149} INFO - [2023-07-27T07:38:43.477+0000] {dagbag.py:541} INFO - Filling up the DagBag from /home/airflow/.local/lib/python3.7/site-packages/airflow/example_dags/example_bash_operator.py
[2023-07-27T07:38:43.494+0000] {processor.py:836} INFO - DAG(s) dict_keys(['example_bash_operator']) retrieved from /home/airflow/.local/lib/python3.7/site-packages/airflow/example_dags/example_bash_operator.py
[2023-07-27T07:38:43.535+0000] {logging_mixin.py:149} INFO - [2023-07-27T07:38:43.535+0000] {dag.py:2726} INFO - Sync 1 DAGs
[2023-07-27T07:38:43.564+0000] {logging_mixin.py:149} INFO - [2023-07-27T07:38:43.563+0000] {dag.py:3490} INFO - Setting next_dagrun for example_bash_operator to 2023-07-26T00:00:00+00:00, run_after=2023-07-27T00:00:00+00:00
[2023-07-27T07:38:43.586+0000] {processor.py:179} INFO - Processing /home/airflow/.local/lib/python3.7/site-packages/airflow/example_dags/example_bash_operator.py took 0.115 seconds
[2023-07-27T07:39:14.295+0000] {processor.py:157} INFO - Started process (PID=5147) to work on /home/airflow/.local/lib/python3.7/site-packages/airflow/example_dags/example_bash_operator.py
[2023-07-27T07:39:14.296+0000] {processor.py:826} INFO - Processing file /home/airflow/.local/lib/python3.7/site-packages/airflow/example_dags/example_bash_operator.py for tasks to queue
[2023-07-27T07:39:14.297+0000] {logging_mixin.py:149} INFO - [2023-07-27T07:39:14.297+0000] {dagbag.py:541} INFO - Filling up the DagBag from /home/airflow/.local/lib/python3.7/site-packages/airflow/example_dags/example_bash_operator.py
[2023-07-27T07:39:14.315+0000] {processor.py:836} INFO - DAG(s) dict_keys(['example_bash_operator']) retrieved from /home/airflow/.local/lib/python3.7/site-packages/airflow/example_dags/example_bash_operator.py
[2023-07-27T07:39:14.357+0000] {logging_mixin.py:149} INFO - [2023-07-27T07:39:14.357+0000] {dag.py:2726} INFO - Sync 1 DAGs
[2023-07-27T07:39:14.385+0000] {logging_mixin.py:149} INFO - [2023-07-27T07:39:14.385+0000] {dag.py:3490} INFO - Setting next_dagrun for example_bash_operator to 2023-07-26T00:00:00+00:00, run_after=2023-07-27T00:00:00+00:00
[2023-07-27T07:39:14.411+0000] {processor.py:179} INFO - Processing /home/airflow/.local/lib/python3.7/site-packages/airflow/example_dags/example_bash_operator.py took 0.119 seconds
[2023-07-27T07:39:52.266+0000] {processor.py:157} INFO - Started process (PID=5253) to work on /home/airflow/.local/lib/python3.7/site-packages/airflow/example_dags/example_bash_operator.py
[2023-07-27T07:39:52.267+0000] {processor.py:826} INFO - Processing file /home/airflow/.local/lib/python3.7/site-packages/airflow/example_dags/example_bash_operator.py for tasks to queue
[2023-07-27T07:39:52.268+0000] {logging_mixin.py:149} INFO - [2023-07-27T07:39:52.268+0000] {dagbag.py:541} INFO - Filling up the DagBag from /home/airflow/.local/lib/python3.7/site-packages/airflow/example_dags/example_bash_operator.py
[2023-07-27T07:39:52.287+0000] {processor.py:836} INFO - DAG(s) dict_keys(['example_bash_operator']) retrieved from /home/airflow/.local/lib/python3.7/site-packages/airflow/example_dags/example_bash_operator.py
[2023-07-27T07:39:52.344+0000] {logging_mixin.py:149} INFO - [2023-07-27T07:39:52.343+0000] {dag.py:2726} INFO - Sync 1 DAGs
[2023-07-27T07:39:52.380+0000] {logging_mixin.py:149} INFO - [2023-07-27T07:39:52.380+0000] {dag.py:3490} INFO - Setting next_dagrun for example_bash_operator to 2023-07-26T00:00:00+00:00, run_after=2023-07-27T00:00:00+00:00
[2023-07-27T07:39:52.406+0000] {processor.py:179} INFO - Processing /home/airflow/.local/lib/python3.7/site-packages/airflow/example_dags/example_bash_operator.py took 0.144 seconds
[2023-07-27T07:40:23.554+0000] {processor.py:157} INFO - Started process (PID=5350) to work on /home/airflow/.local/lib/python3.7/site-packages/airflow/example_dags/example_bash_operator.py
[2023-07-27T07:40:23.555+0000] {processor.py:826} INFO - Processing file /home/airflow/.local/lib/python3.7/site-packages/airflow/example_dags/example_bash_operator.py for tasks to queue
[2023-07-27T07:40:23.556+0000] {logging_mixin.py:149} INFO - [2023-07-27T07:40:23.556+0000] {dagbag.py:541} INFO - Filling up the DagBag from /home/airflow/.local/lib/python3.7/site-packages/airflow/example_dags/example_bash_operator.py
[2023-07-27T07:40:23.571+0000] {processor.py:836} INFO - DAG(s) dict_keys(['example_bash_operator']) retrieved from /home/airflow/.local/lib/python3.7/site-packages/airflow/example_dags/example_bash_operator.py
[2023-07-27T07:40:23.610+0000] {logging_mixin.py:149} INFO - [2023-07-27T07:40:23.610+0000] {dag.py:2726} INFO - Sync 1 DAGs
[2023-07-27T07:40:23.635+0000] {logging_mixin.py:149} INFO - [2023-07-27T07:40:23.635+0000] {dag.py:3490} INFO - Setting next_dagrun for example_bash_operator to 2023-07-26T00:00:00+00:00, run_after=2023-07-27T00:00:00+00:00
[2023-07-27T07:40:23.655+0000] {processor.py:179} INFO - Processing /home/airflow/.local/lib/python3.7/site-packages/airflow/example_dags/example_bash_operator.py took 0.104 seconds
