[2023-07-27T07:38:42.883+0000] {processor.py:157} INFO - Started process (PID=5040) to work on /home/airflow/.local/lib/python3.7/site-packages/airflow/example_dags/example_short_circuit_decorator.py
[2023-07-27T07:38:42.885+0000] {processor.py:826} INFO - Processing file /home/airflow/.local/lib/python3.7/site-packages/airflow/example_dags/example_short_circuit_decorator.py for tasks to queue
[2023-07-27T07:38:42.886+0000] {logging_mixin.py:149} INFO - [2023-07-27T07:38:42.885+0000] {dagbag.py:541} INFO - Filling up the DagBag from /home/airflow/.local/lib/python3.7/site-packages/airflow/example_dags/example_short_circuit_decorator.py
[2023-07-27T07:38:42.901+0000] {processor.py:836} INFO - DAG(s) dict_keys(['example_short_circuit_decorator']) retrieved from /home/airflow/.local/lib/python3.7/site-packages/airflow/example_dags/example_short_circuit_decorator.py
[2023-07-27T07:38:42.929+0000] {logging_mixin.py:149} INFO - [2023-07-27T07:38:42.929+0000] {dag.py:2726} INFO - Sync 1 DAGs
[2023-07-27T07:38:42.953+0000] {logging_mixin.py:149} INFO - [2023-07-27T07:38:42.953+0000] {dag.py:3490} INFO - Setting next_dagrun for example_short_circuit_decorator to 2023-07-26T07:38:42.952966+00:00, run_after=2023-07-27T07:38:42.952966+00:00
[2023-07-27T07:38:42.974+0000] {processor.py:179} INFO - Processing /home/airflow/.local/lib/python3.7/site-packages/airflow/example_dags/example_short_circuit_decorator.py took 0.099 seconds
[2023-07-27T07:39:13.782+0000] {processor.py:157} INFO - Started process (PID=5138) to work on /home/airflow/.local/lib/python3.7/site-packages/airflow/example_dags/example_short_circuit_decorator.py
[2023-07-27T07:39:13.783+0000] {processor.py:826} INFO - Processing file /home/airflow/.local/lib/python3.7/site-packages/airflow/example_dags/example_short_circuit_decorator.py for tasks to queue
[2023-07-27T07:39:13.785+0000] {logging_mixin.py:149} INFO - [2023-07-27T07:39:13.784+0000] {dagbag.py:541} INFO - Filling up the DagBag from /home/airflow/.local/lib/python3.7/site-packages/airflow/example_dags/example_short_circuit_decorator.py
[2023-07-27T07:39:13.795+0000] {processor.py:836} INFO - DAG(s) dict_keys(['example_short_circuit_decorator']) retrieved from /home/airflow/.local/lib/python3.7/site-packages/airflow/example_dags/example_short_circuit_decorator.py
[2023-07-27T07:39:13.825+0000] {logging_mixin.py:149} INFO - [2023-07-27T07:39:13.825+0000] {dag.py:2726} INFO - Sync 1 DAGs
[2023-07-27T07:39:13.847+0000] {logging_mixin.py:149} INFO - [2023-07-27T07:39:13.847+0000] {dag.py:3490} INFO - Setting next_dagrun for example_short_circuit_decorator to 2023-07-26T07:39:13.847541+00:00, run_after=2023-07-27T07:39:13.847541+00:00
[2023-07-27T07:39:13.870+0000] {processor.py:179} INFO - Processing /home/airflow/.local/lib/python3.7/site-packages/airflow/example_dags/example_short_circuit_decorator.py took 0.091 seconds
[2023-07-27T07:39:51.781+0000] {processor.py:157} INFO - Started process (PID=5244) to work on /home/airflow/.local/lib/python3.7/site-packages/airflow/example_dags/example_short_circuit_decorator.py
[2023-07-27T07:39:51.783+0000] {processor.py:826} INFO - Processing file /home/airflow/.local/lib/python3.7/site-packages/airflow/example_dags/example_short_circuit_decorator.py for tasks to queue
[2023-07-27T07:39:51.784+0000] {logging_mixin.py:149} INFO - [2023-07-27T07:39:51.784+0000] {dagbag.py:541} INFO - Filling up the DagBag from /home/airflow/.local/lib/python3.7/site-packages/airflow/example_dags/example_short_circuit_decorator.py
[2023-07-27T07:39:51.794+0000] {processor.py:836} INFO - DAG(s) dict_keys(['example_short_circuit_decorator']) retrieved from /home/airflow/.local/lib/python3.7/site-packages/airflow/example_dags/example_short_circuit_decorator.py
[2023-07-27T07:39:51.823+0000] {logging_mixin.py:149} INFO - [2023-07-27T07:39:51.823+0000] {dag.py:2726} INFO - Sync 1 DAGs
[2023-07-27T07:39:51.846+0000] {logging_mixin.py:149} INFO - [2023-07-27T07:39:51.846+0000] {dag.py:3490} INFO - Setting next_dagrun for example_short_circuit_decorator to 2023-07-26T07:39:51.846089+00:00, run_after=2023-07-27T07:39:51.846089+00:00
[2023-07-27T07:39:51.868+0000] {processor.py:179} INFO - Processing /home/airflow/.local/lib/python3.7/site-packages/airflow/example_dags/example_short_circuit_decorator.py took 0.090 seconds
[2023-07-27T07:40:22.801+0000] {processor.py:157} INFO - Started process (PID=5341) to work on /home/airflow/.local/lib/python3.7/site-packages/airflow/example_dags/example_short_circuit_decorator.py
[2023-07-27T07:40:22.802+0000] {processor.py:826} INFO - Processing file /home/airflow/.local/lib/python3.7/site-packages/airflow/example_dags/example_short_circuit_decorator.py for tasks to queue
[2023-07-27T07:40:22.803+0000] {logging_mixin.py:149} INFO - [2023-07-27T07:40:22.803+0000] {dagbag.py:541} INFO - Filling up the DagBag from /home/airflow/.local/lib/python3.7/site-packages/airflow/example_dags/example_short_circuit_decorator.py
[2023-07-27T07:40:22.813+0000] {processor.py:836} INFO - DAG(s) dict_keys(['example_short_circuit_decorator']) retrieved from /home/airflow/.local/lib/python3.7/site-packages/airflow/example_dags/example_short_circuit_decorator.py
[2023-07-27T07:40:22.842+0000] {logging_mixin.py:149} INFO - [2023-07-27T07:40:22.841+0000] {dag.py:2726} INFO - Sync 1 DAGs
[2023-07-27T07:40:22.863+0000] {logging_mixin.py:149} INFO - [2023-07-27T07:40:22.863+0000] {dag.py:3490} INFO - Setting next_dagrun for example_short_circuit_decorator to 2023-07-26T07:40:22.863088+00:00, run_after=2023-07-27T07:40:22.863088+00:00
[2023-07-27T07:40:22.884+0000] {processor.py:179} INFO - Processing /home/airflow/.local/lib/python3.7/site-packages/airflow/example_dags/example_short_circuit_decorator.py took 0.086 seconds
