[2023-07-27T07:38:45.744+0000] {processor.py:157} INFO - Started process (PID=5068) to work on /home/airflow/.local/lib/python3.7/site-packages/airflow/example_dags/example_external_task_marker_dag.py
[2023-07-27T07:38:45.745+0000] {processor.py:826} INFO - Processing file /home/airflow/.local/lib/python3.7/site-packages/airflow/example_dags/example_external_task_marker_dag.py for tasks to queue
[2023-07-27T07:38:45.747+0000] {logging_mixin.py:149} INFO - [2023-07-27T07:38:45.746+0000] {dagbag.py:541} INFO - Filling up the DagBag from /home/airflow/.local/lib/python3.7/site-packages/airflow/example_dags/example_external_task_marker_dag.py
[2023-07-27T07:38:45.754+0000] {processor.py:836} INFO - DAG(s) dict_keys(['example_external_task_marker_parent', 'example_external_task_marker_child']) retrieved from /home/airflow/.local/lib/python3.7/site-packages/airflow/example_dags/example_external_task_marker_dag.py
[2023-07-27T07:38:45.787+0000] {logging_mixin.py:149} INFO - [2023-07-27T07:38:45.786+0000] {dag.py:2726} INFO - Sync 2 DAGs
[2023-07-27T07:38:45.810+0000] {logging_mixin.py:149} INFO - [2023-07-27T07:38:45.810+0000] {dag.py:3490} INFO - Setting next_dagrun for example_external_task_marker_child to None, run_after=None
[2023-07-27T07:38:45.814+0000] {logging_mixin.py:149} INFO - [2023-07-27T07:38:45.813+0000] {dag.py:3490} INFO - Setting next_dagrun for example_external_task_marker_parent to None, run_after=None
[2023-07-27T07:38:45.835+0000] {processor.py:179} INFO - Processing /home/airflow/.local/lib/python3.7/site-packages/airflow/example_dags/example_external_task_marker_dag.py took 0.094 seconds
[2023-07-27T07:39:16.395+0000] {processor.py:157} INFO - Started process (PID=5166) to work on /home/airflow/.local/lib/python3.7/site-packages/airflow/example_dags/example_external_task_marker_dag.py
[2023-07-27T07:39:16.396+0000] {processor.py:826} INFO - Processing file /home/airflow/.local/lib/python3.7/site-packages/airflow/example_dags/example_external_task_marker_dag.py for tasks to queue
[2023-07-27T07:39:16.397+0000] {logging_mixin.py:149} INFO - [2023-07-27T07:39:16.397+0000] {dagbag.py:541} INFO - Filling up the DagBag from /home/airflow/.local/lib/python3.7/site-packages/airflow/example_dags/example_external_task_marker_dag.py
[2023-07-27T07:39:16.404+0000] {processor.py:836} INFO - DAG(s) dict_keys(['example_external_task_marker_child', 'example_external_task_marker_parent']) retrieved from /home/airflow/.local/lib/python3.7/site-packages/airflow/example_dags/example_external_task_marker_dag.py
[2023-07-27T07:39:16.437+0000] {logging_mixin.py:149} INFO - [2023-07-27T07:39:16.436+0000] {dag.py:2726} INFO - Sync 2 DAGs
[2023-07-27T07:39:16.460+0000] {logging_mixin.py:149} INFO - [2023-07-27T07:39:16.460+0000] {dag.py:3490} INFO - Setting next_dagrun for example_external_task_marker_child to None, run_after=None
[2023-07-27T07:39:16.464+0000] {logging_mixin.py:149} INFO - [2023-07-27T07:39:16.464+0000] {dag.py:3490} INFO - Setting next_dagrun for example_external_task_marker_parent to None, run_after=None
[2023-07-27T07:39:16.487+0000] {processor.py:179} INFO - Processing /home/airflow/.local/lib/python3.7/site-packages/airflow/example_dags/example_external_task_marker_dag.py took 0.096 seconds
[2023-07-27T07:39:53.154+0000] {processor.py:157} INFO - Started process (PID=5263) to work on /home/airflow/.local/lib/python3.7/site-packages/airflow/example_dags/example_external_task_marker_dag.py
[2023-07-27T07:39:53.156+0000] {processor.py:826} INFO - Processing file /home/airflow/.local/lib/python3.7/site-packages/airflow/example_dags/example_external_task_marker_dag.py for tasks to queue
[2023-07-27T07:39:53.157+0000] {logging_mixin.py:149} INFO - [2023-07-27T07:39:53.157+0000] {dagbag.py:541} INFO - Filling up the DagBag from /home/airflow/.local/lib/python3.7/site-packages/airflow/example_dags/example_external_task_marker_dag.py
[2023-07-27T07:39:53.163+0000] {processor.py:836} INFO - DAG(s) dict_keys(['example_external_task_marker_child', 'example_external_task_marker_parent']) retrieved from /home/airflow/.local/lib/python3.7/site-packages/airflow/example_dags/example_external_task_marker_dag.py
[2023-07-27T07:39:53.195+0000] {logging_mixin.py:149} INFO - [2023-07-27T07:39:53.194+0000] {dag.py:2726} INFO - Sync 2 DAGs
[2023-07-27T07:39:53.221+0000] {logging_mixin.py:149} INFO - [2023-07-27T07:39:53.221+0000] {dag.py:3490} INFO - Setting next_dagrun for example_external_task_marker_child to None, run_after=None
[2023-07-27T07:39:53.226+0000] {logging_mixin.py:149} INFO - [2023-07-27T07:39:53.225+0000] {dag.py:3490} INFO - Setting next_dagrun for example_external_task_marker_parent to None, run_after=None
[2023-07-27T07:39:53.244+0000] {processor.py:179} INFO - Processing /home/airflow/.local/lib/python3.7/site-packages/airflow/example_dags/example_external_task_marker_dag.py took 0.093 seconds
[2023-07-27T07:40:24.368+0000] {processor.py:157} INFO - Started process (PID=5360) to work on /home/airflow/.local/lib/python3.7/site-packages/airflow/example_dags/example_external_task_marker_dag.py
[2023-07-27T07:40:24.370+0000] {processor.py:826} INFO - Processing file /home/airflow/.local/lib/python3.7/site-packages/airflow/example_dags/example_external_task_marker_dag.py for tasks to queue
[2023-07-27T07:40:24.372+0000] {logging_mixin.py:149} INFO - [2023-07-27T07:40:24.371+0000] {dagbag.py:541} INFO - Filling up the DagBag from /home/airflow/.local/lib/python3.7/site-packages/airflow/example_dags/example_external_task_marker_dag.py
[2023-07-27T07:40:24.379+0000] {processor.py:836} INFO - DAG(s) dict_keys(['example_external_task_marker_child', 'example_external_task_marker_parent']) retrieved from /home/airflow/.local/lib/python3.7/site-packages/airflow/example_dags/example_external_task_marker_dag.py
[2023-07-27T07:40:24.416+0000] {logging_mixin.py:149} INFO - [2023-07-27T07:40:24.416+0000] {dag.py:2726} INFO - Sync 2 DAGs
[2023-07-27T07:40:24.441+0000] {logging_mixin.py:149} INFO - [2023-07-27T07:40:24.441+0000] {dag.py:3490} INFO - Setting next_dagrun for example_external_task_marker_child to None, run_after=None
[2023-07-27T07:40:24.446+0000] {logging_mixin.py:149} INFO - [2023-07-27T07:40:24.446+0000] {dag.py:3490} INFO - Setting next_dagrun for example_external_task_marker_parent to None, run_after=None
[2023-07-27T07:40:24.469+0000] {processor.py:179} INFO - Processing /home/airflow/.local/lib/python3.7/site-packages/airflow/example_dags/example_external_task_marker_dag.py took 0.106 seconds
