[2023-07-27T07:38:42.565+0000] {processor.py:157} INFO - Started process (PID=5036) to work on /home/airflow/.local/lib/python3.7/site-packages/airflow/example_dags/example_sensor_decorator.py
[2023-07-27T07:38:42.566+0000] {processor.py:826} INFO - Processing file /home/airflow/.local/lib/python3.7/site-packages/airflow/example_dags/example_sensor_decorator.py for tasks to queue
[2023-07-27T07:38:42.568+0000] {logging_mixin.py:149} INFO - [2023-07-27T07:38:42.567+0000] {dagbag.py:541} INFO - Filling up the DagBag from /home/airflow/.local/lib/python3.7/site-packages/airflow/example_dags/example_sensor_decorator.py
[2023-07-27T07:38:42.575+0000] {processor.py:836} INFO - DAG(s) dict_keys(['example_sensor_decorator']) retrieved from /home/airflow/.local/lib/python3.7/site-packages/airflow/example_dags/example_sensor_decorator.py
[2023-07-27T07:38:42.612+0000] {logging_mixin.py:149} INFO - [2023-07-27T07:38:42.612+0000] {dag.py:2726} INFO - Sync 1 DAGs
[2023-07-27T07:38:42.644+0000] {logging_mixin.py:149} INFO - [2023-07-27T07:38:42.644+0000] {dag.py:3490} INFO - Setting next_dagrun for example_sensor_decorator to None, run_after=None
[2023-07-27T07:38:42.670+0000] {processor.py:179} INFO - Processing /home/airflow/.local/lib/python3.7/site-packages/airflow/example_dags/example_sensor_decorator.py took 0.108 seconds
[2023-07-27T07:39:13.502+0000] {processor.py:157} INFO - Started process (PID=5134) to work on /home/airflow/.local/lib/python3.7/site-packages/airflow/example_dags/example_sensor_decorator.py
[2023-07-27T07:39:13.503+0000] {processor.py:826} INFO - Processing file /home/airflow/.local/lib/python3.7/site-packages/airflow/example_dags/example_sensor_decorator.py for tasks to queue
[2023-07-27T07:39:13.504+0000] {logging_mixin.py:149} INFO - [2023-07-27T07:39:13.504+0000] {dagbag.py:541} INFO - Filling up the DagBag from /home/airflow/.local/lib/python3.7/site-packages/airflow/example_dags/example_sensor_decorator.py
[2023-07-27T07:39:13.510+0000] {processor.py:836} INFO - DAG(s) dict_keys(['example_sensor_decorator']) retrieved from /home/airflow/.local/lib/python3.7/site-packages/airflow/example_dags/example_sensor_decorator.py
[2023-07-27T07:39:13.535+0000] {logging_mixin.py:149} INFO - [2023-07-27T07:39:13.535+0000] {dag.py:2726} INFO - Sync 1 DAGs
[2023-07-27T07:39:13.558+0000] {logging_mixin.py:149} INFO - [2023-07-27T07:39:13.558+0000] {dag.py:3490} INFO - Setting next_dagrun for example_sensor_decorator to None, run_after=None
[2023-07-27T07:39:13.580+0000] {processor.py:179} INFO - Processing /home/airflow/.local/lib/python3.7/site-packages/airflow/example_dags/example_sensor_decorator.py took 0.081 seconds
[2023-07-27T07:39:51.422+0000] {processor.py:157} INFO - Started process (PID=5240) to work on /home/airflow/.local/lib/python3.7/site-packages/airflow/example_dags/example_sensor_decorator.py
[2023-07-27T07:39:51.424+0000] {processor.py:826} INFO - Processing file /home/airflow/.local/lib/python3.7/site-packages/airflow/example_dags/example_sensor_decorator.py for tasks to queue
[2023-07-27T07:39:51.425+0000] {logging_mixin.py:149} INFO - [2023-07-27T07:39:51.425+0000] {dagbag.py:541} INFO - Filling up the DagBag from /home/airflow/.local/lib/python3.7/site-packages/airflow/example_dags/example_sensor_decorator.py
[2023-07-27T07:39:51.431+0000] {processor.py:836} INFO - DAG(s) dict_keys(['example_sensor_decorator']) retrieved from /home/airflow/.local/lib/python3.7/site-packages/airflow/example_dags/example_sensor_decorator.py
[2023-07-27T07:39:51.461+0000] {logging_mixin.py:149} INFO - [2023-07-27T07:39:51.460+0000] {dag.py:2726} INFO - Sync 1 DAGs
[2023-07-27T07:39:51.496+0000] {logging_mixin.py:149} INFO - [2023-07-27T07:39:51.496+0000] {dag.py:3490} INFO - Setting next_dagrun for example_sensor_decorator to None, run_after=None
[2023-07-27T07:39:51.524+0000] {processor.py:179} INFO - Processing /home/airflow/.local/lib/python3.7/site-packages/airflow/example_dags/example_sensor_decorator.py took 0.105 seconds
[2023-07-27T07:40:22.564+0000] {processor.py:157} INFO - Started process (PID=5337) to work on /home/airflow/.local/lib/python3.7/site-packages/airflow/example_dags/example_sensor_decorator.py
[2023-07-27T07:40:22.566+0000] {processor.py:826} INFO - Processing file /home/airflow/.local/lib/python3.7/site-packages/airflow/example_dags/example_sensor_decorator.py for tasks to queue
[2023-07-27T07:40:22.567+0000] {logging_mixin.py:149} INFO - [2023-07-27T07:40:22.567+0000] {dagbag.py:541} INFO - Filling up the DagBag from /home/airflow/.local/lib/python3.7/site-packages/airflow/example_dags/example_sensor_decorator.py
[2023-07-27T07:40:22.574+0000] {processor.py:836} INFO - DAG(s) dict_keys(['example_sensor_decorator']) retrieved from /home/airflow/.local/lib/python3.7/site-packages/airflow/example_dags/example_sensor_decorator.py
[2023-07-27T07:40:22.608+0000] {logging_mixin.py:149} INFO - [2023-07-27T07:40:22.608+0000] {dag.py:2726} INFO - Sync 1 DAGs
[2023-07-27T07:40:22.637+0000] {logging_mixin.py:149} INFO - [2023-07-27T07:40:22.637+0000] {dag.py:3490} INFO - Setting next_dagrun for example_sensor_decorator to None, run_after=None
[2023-07-27T07:40:22.663+0000] {processor.py:179} INFO - Processing /home/airflow/.local/lib/python3.7/site-packages/airflow/example_dags/example_sensor_decorator.py took 0.104 seconds
