[2023-07-27T07:38:41.316+0000] {processor.py:157} INFO - Started process (PID=5022) to work on /home/airflow/.local/lib/python3.7/site-packages/airflow/example_dags/example_xcom.py
[2023-07-27T07:38:41.317+0000] {processor.py:826} INFO - Processing file /home/airflow/.local/lib/python3.7/site-packages/airflow/example_dags/example_xcom.py for tasks to queue
[2023-07-27T07:38:41.319+0000] {logging_mixin.py:149} INFO - [2023-07-27T07:38:41.318+0000] {dagbag.py:541} INFO - Filling up the DagBag from /home/airflow/.local/lib/python3.7/site-packages/airflow/example_dags/example_xcom.py
[2023-07-27T07:38:41.327+0000] {processor.py:836} INFO - DAG(s) dict_keys(['example_xcom']) retrieved from /home/airflow/.local/lib/python3.7/site-packages/airflow/example_dags/example_xcom.py
[2023-07-27T07:38:41.356+0000] {logging_mixin.py:149} INFO - [2023-07-27T07:38:41.356+0000] {dag.py:2726} INFO - Sync 1 DAGs
[2023-07-27T07:38:41.393+0000] {logging_mixin.py:149} INFO - [2023-07-27T07:38:41.393+0000] {dag.py:3490} INFO - Setting next_dagrun for example_xcom to 2021-01-01T00:00:00+00:00, run_after=2021-01-01T00:00:00+00:00
[2023-07-27T07:38:41.416+0000] {processor.py:179} INFO - Processing /home/airflow/.local/lib/python3.7/site-packages/airflow/example_dags/example_xcom.py took 0.103 seconds
[2023-07-27T07:39:12.344+0000] {processor.py:157} INFO - Started process (PID=5120) to work on /home/airflow/.local/lib/python3.7/site-packages/airflow/example_dags/example_xcom.py
[2023-07-27T07:39:12.345+0000] {processor.py:826} INFO - Processing file /home/airflow/.local/lib/python3.7/site-packages/airflow/example_dags/example_xcom.py for tasks to queue
[2023-07-27T07:39:12.346+0000] {logging_mixin.py:149} INFO - [2023-07-27T07:39:12.346+0000] {dagbag.py:541} INFO - Filling up the DagBag from /home/airflow/.local/lib/python3.7/site-packages/airflow/example_dags/example_xcom.py
[2023-07-27T07:39:12.357+0000] {processor.py:836} INFO - DAG(s) dict_keys(['example_xcom']) retrieved from /home/airflow/.local/lib/python3.7/site-packages/airflow/example_dags/example_xcom.py
[2023-07-27T07:39:12.392+0000] {logging_mixin.py:149} INFO - [2023-07-27T07:39:12.392+0000] {dag.py:2726} INFO - Sync 1 DAGs
[2023-07-27T07:39:12.419+0000] {logging_mixin.py:149} INFO - [2023-07-27T07:39:12.418+0000] {dag.py:3490} INFO - Setting next_dagrun for example_xcom to 2021-01-01T00:00:00+00:00, run_after=2021-01-01T00:00:00+00:00
[2023-07-27T07:39:12.442+0000] {processor.py:179} INFO - Processing /home/airflow/.local/lib/python3.7/site-packages/airflow/example_dags/example_xcom.py took 0.102 seconds
[2023-07-27T07:39:49.881+0000] {processor.py:157} INFO - Started process (PID=5217) to work on /home/airflow/.local/lib/python3.7/site-packages/airflow/example_dags/example_xcom.py
[2023-07-27T07:39:49.883+0000] {processor.py:826} INFO - Processing file /home/airflow/.local/lib/python3.7/site-packages/airflow/example_dags/example_xcom.py for tasks to queue
[2023-07-27T07:39:49.884+0000] {logging_mixin.py:149} INFO - [2023-07-27T07:39:49.883+0000] {dagbag.py:541} INFO - Filling up the DagBag from /home/airflow/.local/lib/python3.7/site-packages/airflow/example_dags/example_xcom.py
[2023-07-27T07:39:49.894+0000] {processor.py:836} INFO - DAG(s) dict_keys(['example_xcom']) retrieved from /home/airflow/.local/lib/python3.7/site-packages/airflow/example_dags/example_xcom.py
[2023-07-27T07:39:49.927+0000] {logging_mixin.py:149} INFO - [2023-07-27T07:39:49.927+0000] {dag.py:2726} INFO - Sync 1 DAGs
[2023-07-27T07:39:49.951+0000] {logging_mixin.py:149} INFO - [2023-07-27T07:39:49.950+0000] {dag.py:3490} INFO - Setting next_dagrun for example_xcom to 2021-01-01T00:00:00+00:00, run_after=2021-01-01T00:00:00+00:00
[2023-07-27T07:39:49.971+0000] {processor.py:179} INFO - Processing /home/airflow/.local/lib/python3.7/site-packages/airflow/example_dags/example_xcom.py took 0.094 seconds
[2023-07-27T07:40:20.311+0000] {processor.py:157} INFO - Started process (PID=5305) to work on /home/airflow/.local/lib/python3.7/site-packages/airflow/example_dags/example_xcom.py
[2023-07-27T07:40:20.313+0000] {processor.py:826} INFO - Processing file /home/airflow/.local/lib/python3.7/site-packages/airflow/example_dags/example_xcom.py for tasks to queue
[2023-07-27T07:40:20.314+0000] {logging_mixin.py:149} INFO - [2023-07-27T07:40:20.314+0000] {dagbag.py:541} INFO - Filling up the DagBag from /home/airflow/.local/lib/python3.7/site-packages/airflow/example_dags/example_xcom.py
[2023-07-27T07:40:20.323+0000] {processor.py:836} INFO - DAG(s) dict_keys(['example_xcom']) retrieved from /home/airflow/.local/lib/python3.7/site-packages/airflow/example_dags/example_xcom.py
[2023-07-27T07:40:20.352+0000] {logging_mixin.py:149} INFO - [2023-07-27T07:40:20.352+0000] {dag.py:2726} INFO - Sync 1 DAGs
[2023-07-27T07:40:20.379+0000] {logging_mixin.py:149} INFO - [2023-07-27T07:40:20.379+0000] {dag.py:3490} INFO - Setting next_dagrun for example_xcom to 2021-01-01T00:00:00+00:00, run_after=2021-01-01T00:00:00+00:00
[2023-07-27T07:40:20.405+0000] {processor.py:179} INFO - Processing /home/airflow/.local/lib/python3.7/site-packages/airflow/example_dags/example_xcom.py took 0.098 seconds
