[2023-07-27T07:38:43.723+0000] {processor.py:157} INFO - Started process (PID=5052) to work on /home/airflow/.local/lib/python3.7/site-packages/airflow/example_dags/example_branch_python_dop_operator_3.py
[2023-07-27T07:38:43.725+0000] {processor.py:826} INFO - Processing file /home/airflow/.local/lib/python3.7/site-packages/airflow/example_dags/example_branch_python_dop_operator_3.py for tasks to queue
[2023-07-27T07:38:43.726+0000] {logging_mixin.py:149} INFO - [2023-07-27T07:38:43.726+0000] {dagbag.py:541} INFO - Filling up the DagBag from /home/airflow/.local/lib/python3.7/site-packages/airflow/example_dags/example_branch_python_dop_operator_3.py
[2023-07-27T07:38:43.739+0000] {processor.py:836} INFO - DAG(s) dict_keys(['example_branch_dop_operator_v3']) retrieved from /home/airflow/.local/lib/python3.7/site-packages/airflow/example_dags/example_branch_python_dop_operator_3.py
[2023-07-27T07:38:43.772+0000] {logging_mixin.py:149} INFO - [2023-07-27T07:38:43.772+0000] {dag.py:2726} INFO - Sync 1 DAGs
[2023-07-27T07:38:43.813+0000] {logging_mixin.py:149} INFO - [2023-07-27T07:38:43.812+0000] {dag.py:3490} INFO - Setting next_dagrun for example_branch_dop_operator_v3 to 2023-07-27T07:37:00+00:00, run_after=2023-07-27T07:38:00+00:00
[2023-07-27T07:38:43.838+0000] {processor.py:179} INFO - Processing /home/airflow/.local/lib/python3.7/site-packages/airflow/example_dags/example_branch_python_dop_operator_3.py took 0.119 seconds
[2023-07-27T07:39:14.534+0000] {processor.py:157} INFO - Started process (PID=5150) to work on /home/airflow/.local/lib/python3.7/site-packages/airflow/example_dags/example_branch_python_dop_operator_3.py
[2023-07-27T07:39:14.535+0000] {processor.py:826} INFO - Processing file /home/airflow/.local/lib/python3.7/site-packages/airflow/example_dags/example_branch_python_dop_operator_3.py for tasks to queue
[2023-07-27T07:39:14.536+0000] {logging_mixin.py:149} INFO - [2023-07-27T07:39:14.536+0000] {dagbag.py:541} INFO - Filling up the DagBag from /home/airflow/.local/lib/python3.7/site-packages/airflow/example_dags/example_branch_python_dop_operator_3.py
[2023-07-27T07:39:14.545+0000] {processor.py:836} INFO - DAG(s) dict_keys(['example_branch_dop_operator_v3']) retrieved from /home/airflow/.local/lib/python3.7/site-packages/airflow/example_dags/example_branch_python_dop_operator_3.py
[2023-07-27T07:39:14.571+0000] {logging_mixin.py:149} INFO - [2023-07-27T07:39:14.571+0000] {dag.py:2726} INFO - Sync 1 DAGs
[2023-07-27T07:39:14.600+0000] {logging_mixin.py:149} INFO - [2023-07-27T07:39:14.600+0000] {dag.py:3490} INFO - Setting next_dagrun for example_branch_dop_operator_v3 to 2023-07-27T07:38:00+00:00, run_after=2023-07-27T07:39:00+00:00
[2023-07-27T07:39:14.624+0000] {processor.py:179} INFO - Processing /home/airflow/.local/lib/python3.7/site-packages/airflow/example_dags/example_branch_python_dop_operator_3.py took 0.094 seconds
[2023-07-27T07:39:52.557+0000] {processor.py:157} INFO - Started process (PID=5256) to work on /home/airflow/.local/lib/python3.7/site-packages/airflow/example_dags/example_branch_python_dop_operator_3.py
[2023-07-27T07:39:52.559+0000] {processor.py:826} INFO - Processing file /home/airflow/.local/lib/python3.7/site-packages/airflow/example_dags/example_branch_python_dop_operator_3.py for tasks to queue
[2023-07-27T07:39:52.561+0000] {logging_mixin.py:149} INFO - [2023-07-27T07:39:52.560+0000] {dagbag.py:541} INFO - Filling up the DagBag from /home/airflow/.local/lib/python3.7/site-packages/airflow/example_dags/example_branch_python_dop_operator_3.py
[2023-07-27T07:39:52.572+0000] {processor.py:836} INFO - DAG(s) dict_keys(['example_branch_dop_operator_v3']) retrieved from /home/airflow/.local/lib/python3.7/site-packages/airflow/example_dags/example_branch_python_dop_operator_3.py
[2023-07-27T07:39:52.603+0000] {logging_mixin.py:149} INFO - [2023-07-27T07:39:52.602+0000] {dag.py:2726} INFO - Sync 1 DAGs
[2023-07-27T07:39:52.636+0000] {logging_mixin.py:149} INFO - [2023-07-27T07:39:52.635+0000] {dag.py:3490} INFO - Setting next_dagrun for example_branch_dop_operator_v3 to 2023-07-27T07:38:00+00:00, run_after=2023-07-27T07:39:00+00:00
[2023-07-27T07:39:52.675+0000] {processor.py:179} INFO - Processing /home/airflow/.local/lib/python3.7/site-packages/airflow/example_dags/example_branch_python_dop_operator_3.py took 0.121 seconds
[2023-07-27T07:40:23.692+0000] {processor.py:157} INFO - Started process (PID=5353) to work on /home/airflow/.local/lib/python3.7/site-packages/airflow/example_dags/example_branch_python_dop_operator_3.py
[2023-07-27T07:40:23.693+0000] {processor.py:826} INFO - Processing file /home/airflow/.local/lib/python3.7/site-packages/airflow/example_dags/example_branch_python_dop_operator_3.py for tasks to queue
[2023-07-27T07:40:23.694+0000] {logging_mixin.py:149} INFO - [2023-07-27T07:40:23.693+0000] {dagbag.py:541} INFO - Filling up the DagBag from /home/airflow/.local/lib/python3.7/site-packages/airflow/example_dags/example_branch_python_dop_operator_3.py
[2023-07-27T07:40:23.702+0000] {processor.py:836} INFO - DAG(s) dict_keys(['example_branch_dop_operator_v3']) retrieved from /home/airflow/.local/lib/python3.7/site-packages/airflow/example_dags/example_branch_python_dop_operator_3.py
[2023-07-27T07:40:23.730+0000] {logging_mixin.py:149} INFO - [2023-07-27T07:40:23.730+0000] {dag.py:2726} INFO - Sync 1 DAGs
[2023-07-27T07:40:23.756+0000] {logging_mixin.py:149} INFO - [2023-07-27T07:40:23.756+0000] {dag.py:3490} INFO - Setting next_dagrun for example_branch_dop_operator_v3 to 2023-07-27T07:39:00+00:00, run_after=2023-07-27T07:40:00+00:00
[2023-07-27T07:40:23.781+0000] {processor.py:179} INFO - Processing /home/airflow/.local/lib/python3.7/site-packages/airflow/example_dags/example_branch_python_dop_operator_3.py took 0.092 seconds
