[2023-07-27T07:38:45.633+0000] {processor.py:157} INFO - Started process (PID=5067) to work on /home/airflow/.local/lib/python3.7/site-packages/airflow/example_dags/example_subdag_operator.py
[2023-07-27T07:38:45.634+0000] {processor.py:826} INFO - Processing file /home/airflow/.local/lib/python3.7/site-packages/airflow/example_dags/example_subdag_operator.py for tasks to queue
[2023-07-27T07:38:45.635+0000] {logging_mixin.py:149} INFO - [2023-07-27T07:38:45.635+0000] {dagbag.py:541} INFO - Filling up the DagBag from /home/airflow/.local/lib/python3.7/site-packages/airflow/example_dags/example_subdag_operator.py
[2023-07-27T07:38:45.662+0000] {processor.py:836} INFO - DAG(s) dict_keys(['example_subdag_operator.section-1', 'example_subdag_operator.section-2', 'example_subdag_operator']) retrieved from /home/airflow/.local/lib/python3.7/site-packages/airflow/example_dags/example_subdag_operator.py
[2023-07-27T07:38:45.682+0000] {logging_mixin.py:149} INFO - [2023-07-27T07:38:45.682+0000] {dag.py:2726} INFO - Sync 3 DAGs
[2023-07-27T07:38:45.705+0000] {logging_mixin.py:149} INFO - [2023-07-27T07:38:45.705+0000] {dag.py:3490} INFO - Setting next_dagrun for example_subdag_operator to 2022-01-01T00:00:00+00:00, run_after=2022-01-01T00:00:00+00:00
[2023-07-27T07:38:45.709+0000] {logging_mixin.py:149} INFO - [2023-07-27T07:38:45.708+0000] {dag.py:3490} INFO - Setting next_dagrun for example_subdag_operator.section-1 to None, run_after=None
[2023-07-27T07:38:45.710+0000] {logging_mixin.py:149} INFO - [2023-07-27T07:38:45.710+0000] {dag.py:3490} INFO - Setting next_dagrun for example_subdag_operator.section-2 to None, run_after=None
[2023-07-27T07:38:45.720+0000] {logging_mixin.py:149} INFO - [2023-07-27T07:38:45.720+0000] {dag.py:2726} INFO - Sync 2 DAGs
[2023-07-27T07:38:45.727+0000] {logging_mixin.py:149} INFO - [2023-07-27T07:38:45.727+0000] {dag.py:3490} INFO - Setting next_dagrun for example_subdag_operator.section-1 to None, run_after=None
[2023-07-27T07:38:45.728+0000] {logging_mixin.py:149} INFO - [2023-07-27T07:38:45.728+0000] {dag.py:3490} INFO - Setting next_dagrun for example_subdag_operator.section-2 to None, run_after=None
[2023-07-27T07:38:45.744+0000] {processor.py:179} INFO - Processing /home/airflow/.local/lib/python3.7/site-packages/airflow/example_dags/example_subdag_operator.py took 0.114 seconds
[2023-07-27T07:39:16.366+0000] {processor.py:157} INFO - Started process (PID=5165) to work on /home/airflow/.local/lib/python3.7/site-packages/airflow/example_dags/example_subdag_operator.py
[2023-07-27T07:39:16.368+0000] {processor.py:826} INFO - Processing file /home/airflow/.local/lib/python3.7/site-packages/airflow/example_dags/example_subdag_operator.py for tasks to queue
[2023-07-27T07:39:16.369+0000] {logging_mixin.py:149} INFO - [2023-07-27T07:39:16.369+0000] {dagbag.py:541} INFO - Filling up the DagBag from /home/airflow/.local/lib/python3.7/site-packages/airflow/example_dags/example_subdag_operator.py
[2023-07-27T07:39:16.398+0000] {processor.py:836} INFO - DAG(s) dict_keys(['example_subdag_operator.section-1', 'example_subdag_operator.section-2', 'example_subdag_operator']) retrieved from /home/airflow/.local/lib/python3.7/site-packages/airflow/example_dags/example_subdag_operator.py
[2023-07-27T07:39:16.420+0000] {logging_mixin.py:149} INFO - [2023-07-27T07:39:16.420+0000] {dag.py:2726} INFO - Sync 3 DAGs
[2023-07-27T07:39:16.444+0000] {logging_mixin.py:149} INFO - [2023-07-27T07:39:16.444+0000] {dag.py:3490} INFO - Setting next_dagrun for example_subdag_operator to 2022-01-01T00:00:00+00:00, run_after=2022-01-01T00:00:00+00:00
[2023-07-27T07:39:16.448+0000] {logging_mixin.py:149} INFO - [2023-07-27T07:39:16.448+0000] {dag.py:3490} INFO - Setting next_dagrun for example_subdag_operator.section-1 to None, run_after=None
[2023-07-27T07:39:16.450+0000] {logging_mixin.py:149} INFO - [2023-07-27T07:39:16.450+0000] {dag.py:3490} INFO - Setting next_dagrun for example_subdag_operator.section-2 to None, run_after=None
[2023-07-27T07:39:16.458+0000] {logging_mixin.py:149} INFO - [2023-07-27T07:39:16.457+0000] {dag.py:2726} INFO - Sync 2 DAGs
[2023-07-27T07:39:16.464+0000] {logging_mixin.py:149} INFO - [2023-07-27T07:39:16.464+0000] {dag.py:3490} INFO - Setting next_dagrun for example_subdag_operator.section-1 to None, run_after=None
[2023-07-27T07:39:16.465+0000] {logging_mixin.py:149} INFO - [2023-07-27T07:39:16.465+0000] {dag.py:3490} INFO - Setting next_dagrun for example_subdag_operator.section-2 to None, run_after=None
[2023-07-27T07:39:16.481+0000] {processor.py:179} INFO - Processing /home/airflow/.local/lib/python3.7/site-packages/airflow/example_dags/example_subdag_operator.py took 0.119 seconds
[2023-07-27T07:39:53.087+0000] {processor.py:157} INFO - Started process (PID=5262) to work on /home/airflow/.local/lib/python3.7/site-packages/airflow/example_dags/example_subdag_operator.py
[2023-07-27T07:39:53.089+0000] {processor.py:826} INFO - Processing file /home/airflow/.local/lib/python3.7/site-packages/airflow/example_dags/example_subdag_operator.py for tasks to queue
[2023-07-27T07:39:53.090+0000] {logging_mixin.py:149} INFO - [2023-07-27T07:39:53.090+0000] {dagbag.py:541} INFO - Filling up the DagBag from /home/airflow/.local/lib/python3.7/site-packages/airflow/example_dags/example_subdag_operator.py
[2023-07-27T07:39:53.120+0000] {processor.py:836} INFO - DAG(s) dict_keys(['example_subdag_operator.section-1', 'example_subdag_operator.section-2', 'example_subdag_operator']) retrieved from /home/airflow/.local/lib/python3.7/site-packages/airflow/example_dags/example_subdag_operator.py
[2023-07-27T07:39:53.142+0000] {logging_mixin.py:149} INFO - [2023-07-27T07:39:53.141+0000] {dag.py:2726} INFO - Sync 3 DAGs
[2023-07-27T07:39:53.169+0000] {logging_mixin.py:149} INFO - [2023-07-27T07:39:53.169+0000] {dag.py:3490} INFO - Setting next_dagrun for example_subdag_operator to 2022-01-01T00:00:00+00:00, run_after=2022-01-01T00:00:00+00:00
[2023-07-27T07:39:53.174+0000] {logging_mixin.py:149} INFO - [2023-07-27T07:39:53.174+0000] {dag.py:3490} INFO - Setting next_dagrun for example_subdag_operator.section-1 to None, run_after=None
[2023-07-27T07:39:53.176+0000] {logging_mixin.py:149} INFO - [2023-07-27T07:39:53.176+0000] {dag.py:3490} INFO - Setting next_dagrun for example_subdag_operator.section-2 to None, run_after=None
[2023-07-27T07:39:53.183+0000] {logging_mixin.py:149} INFO - [2023-07-27T07:39:53.183+0000] {dag.py:2726} INFO - Sync 2 DAGs
[2023-07-27T07:39:53.190+0000] {logging_mixin.py:149} INFO - [2023-07-27T07:39:53.190+0000] {dag.py:3490} INFO - Setting next_dagrun for example_subdag_operator.section-1 to None, run_after=None
[2023-07-27T07:39:53.191+0000] {logging_mixin.py:149} INFO - [2023-07-27T07:39:53.191+0000] {dag.py:3490} INFO - Setting next_dagrun for example_subdag_operator.section-2 to None, run_after=None
[2023-07-27T07:39:53.205+0000] {processor.py:179} INFO - Processing /home/airflow/.local/lib/python3.7/site-packages/airflow/example_dags/example_subdag_operator.py took 0.121 seconds
[2023-07-27T07:40:24.316+0000] {processor.py:157} INFO - Started process (PID=5359) to work on /home/airflow/.local/lib/python3.7/site-packages/airflow/example_dags/example_subdag_operator.py
[2023-07-27T07:40:24.317+0000] {processor.py:826} INFO - Processing file /home/airflow/.local/lib/python3.7/site-packages/airflow/example_dags/example_subdag_operator.py for tasks to queue
[2023-07-27T07:40:24.318+0000] {logging_mixin.py:149} INFO - [2023-07-27T07:40:24.318+0000] {dagbag.py:541} INFO - Filling up the DagBag from /home/airflow/.local/lib/python3.7/site-packages/airflow/example_dags/example_subdag_operator.py
[2023-07-27T07:40:24.345+0000] {processor.py:836} INFO - DAG(s) dict_keys(['example_subdag_operator.section-1', 'example_subdag_operator.section-2', 'example_subdag_operator']) retrieved from /home/airflow/.local/lib/python3.7/site-packages/airflow/example_dags/example_subdag_operator.py
[2023-07-27T07:40:24.366+0000] {logging_mixin.py:149} INFO - [2023-07-27T07:40:24.366+0000] {dag.py:2726} INFO - Sync 3 DAGs
[2023-07-27T07:40:24.396+0000] {logging_mixin.py:149} INFO - [2023-07-27T07:40:24.396+0000] {dag.py:3490} INFO - Setting next_dagrun for example_subdag_operator to 2022-01-01T00:00:00+00:00, run_after=2022-01-01T00:00:00+00:00
[2023-07-27T07:40:24.401+0000] {logging_mixin.py:149} INFO - [2023-07-27T07:40:24.401+0000] {dag.py:3490} INFO - Setting next_dagrun for example_subdag_operator.section-1 to None, run_after=None
[2023-07-27T07:40:24.403+0000] {logging_mixin.py:149} INFO - [2023-07-27T07:40:24.403+0000] {dag.py:3490} INFO - Setting next_dagrun for example_subdag_operator.section-2 to None, run_after=None
[2023-07-27T07:40:24.414+0000] {logging_mixin.py:149} INFO - [2023-07-27T07:40:24.414+0000] {dag.py:2726} INFO - Sync 2 DAGs
[2023-07-27T07:40:24.422+0000] {logging_mixin.py:149} INFO - [2023-07-27T07:40:24.421+0000] {dag.py:3490} INFO - Setting next_dagrun for example_subdag_operator.section-1 to None, run_after=None
[2023-07-27T07:40:24.423+0000] {logging_mixin.py:149} INFO - [2023-07-27T07:40:24.422+0000] {dag.py:3490} INFO - Setting next_dagrun for example_subdag_operator.section-2 to None, run_after=None
[2023-07-27T07:40:24.437+0000] {processor.py:179} INFO - Processing /home/airflow/.local/lib/python3.7/site-packages/airflow/example_dags/example_subdag_operator.py took 0.125 seconds
