[2023-07-27T07:38:43.194+0000] {processor.py:157} INFO - Started process (PID=5044) to work on /home/airflow/.local/lib/python3.7/site-packages/airflow/example_dags/example_python_operator.py
[2023-07-27T07:38:43.195+0000] {processor.py:826} INFO - Processing file /home/airflow/.local/lib/python3.7/site-packages/airflow/example_dags/example_python_operator.py for tasks to queue
[2023-07-27T07:38:43.196+0000] {logging_mixin.py:149} INFO - [2023-07-27T07:38:43.196+0000] {dagbag.py:541} INFO - Filling up the DagBag from /home/airflow/.local/lib/python3.7/site-packages/airflow/example_dags/example_python_operator.py
[2023-07-27T07:38:43.208+0000] {processor.py:836} INFO - DAG(s) dict_keys(['example_python_operator']) retrieved from /home/airflow/.local/lib/python3.7/site-packages/airflow/example_dags/example_python_operator.py
[2023-07-27T07:38:43.236+0000] {logging_mixin.py:149} INFO - [2023-07-27T07:38:43.236+0000] {dag.py:2726} INFO - Sync 1 DAGs
[2023-07-27T07:38:43.260+0000] {logging_mixin.py:149} INFO - [2023-07-27T07:38:43.259+0000] {dag.py:3490} INFO - Setting next_dagrun for example_python_operator to None, run_after=None
[2023-07-27T07:38:43.283+0000] {processor.py:179} INFO - Processing /home/airflow/.local/lib/python3.7/site-packages/airflow/example_dags/example_python_operator.py took 0.093 seconds
[2023-07-27T07:39:14.014+0000] {processor.py:157} INFO - Started process (PID=5142) to work on /home/airflow/.local/lib/python3.7/site-packages/airflow/example_dags/example_python_operator.py
[2023-07-27T07:39:14.016+0000] {processor.py:826} INFO - Processing file /home/airflow/.local/lib/python3.7/site-packages/airflow/example_dags/example_python_operator.py for tasks to queue
[2023-07-27T07:39:14.017+0000] {logging_mixin.py:149} INFO - [2023-07-27T07:39:14.017+0000] {dagbag.py:541} INFO - Filling up the DagBag from /home/airflow/.local/lib/python3.7/site-packages/airflow/example_dags/example_python_operator.py
[2023-07-27T07:39:14.028+0000] {processor.py:836} INFO - DAG(s) dict_keys(['example_python_operator']) retrieved from /home/airflow/.local/lib/python3.7/site-packages/airflow/example_dags/example_python_operator.py
[2023-07-27T07:39:14.057+0000] {logging_mixin.py:149} INFO - [2023-07-27T07:39:14.057+0000] {dag.py:2726} INFO - Sync 1 DAGs
[2023-07-27T07:39:14.080+0000] {logging_mixin.py:149} INFO - [2023-07-27T07:39:14.080+0000] {dag.py:3490} INFO - Setting next_dagrun for example_python_operator to None, run_after=None
[2023-07-27T07:39:14.105+0000] {processor.py:179} INFO - Processing /home/airflow/.local/lib/python3.7/site-packages/airflow/example_dags/example_python_operator.py took 0.095 seconds
[2023-07-27T07:39:52.008+0000] {processor.py:157} INFO - Started process (PID=5248) to work on /home/airflow/.local/lib/python3.7/site-packages/airflow/example_dags/example_python_operator.py
[2023-07-27T07:39:52.009+0000] {processor.py:826} INFO - Processing file /home/airflow/.local/lib/python3.7/site-packages/airflow/example_dags/example_python_operator.py for tasks to queue
[2023-07-27T07:39:52.010+0000] {logging_mixin.py:149} INFO - [2023-07-27T07:39:52.010+0000] {dagbag.py:541} INFO - Filling up the DagBag from /home/airflow/.local/lib/python3.7/site-packages/airflow/example_dags/example_python_operator.py
[2023-07-27T07:39:52.021+0000] {processor.py:836} INFO - DAG(s) dict_keys(['example_python_operator']) retrieved from /home/airflow/.local/lib/python3.7/site-packages/airflow/example_dags/example_python_operator.py
[2023-07-27T07:39:52.052+0000] {logging_mixin.py:149} INFO - [2023-07-27T07:39:52.052+0000] {dag.py:2726} INFO - Sync 1 DAGs
[2023-07-27T07:39:52.075+0000] {logging_mixin.py:149} INFO - [2023-07-27T07:39:52.075+0000] {dag.py:3490} INFO - Setting next_dagrun for example_python_operator to None, run_after=None
[2023-07-27T07:39:52.096+0000] {processor.py:179} INFO - Processing /home/airflow/.local/lib/python3.7/site-packages/airflow/example_dags/example_python_operator.py took 0.092 seconds
[2023-07-27T07:40:23.049+0000] {processor.py:157} INFO - Started process (PID=5345) to work on /home/airflow/.local/lib/python3.7/site-packages/airflow/example_dags/example_python_operator.py
[2023-07-27T07:40:23.050+0000] {processor.py:826} INFO - Processing file /home/airflow/.local/lib/python3.7/site-packages/airflow/example_dags/example_python_operator.py for tasks to queue
[2023-07-27T07:40:23.051+0000] {logging_mixin.py:149} INFO - [2023-07-27T07:40:23.051+0000] {dagbag.py:541} INFO - Filling up the DagBag from /home/airflow/.local/lib/python3.7/site-packages/airflow/example_dags/example_python_operator.py
[2023-07-27T07:40:23.062+0000] {processor.py:836} INFO - DAG(s) dict_keys(['example_python_operator']) retrieved from /home/airflow/.local/lib/python3.7/site-packages/airflow/example_dags/example_python_operator.py
[2023-07-27T07:40:23.093+0000] {logging_mixin.py:149} INFO - [2023-07-27T07:40:23.093+0000] {dag.py:2726} INFO - Sync 1 DAGs
[2023-07-27T07:40:23.115+0000] {logging_mixin.py:149} INFO - [2023-07-27T07:40:23.115+0000] {dag.py:3490} INFO - Setting next_dagrun for example_python_operator to None, run_after=None
[2023-07-27T07:40:23.140+0000] {processor.py:179} INFO - Processing /home/airflow/.local/lib/python3.7/site-packages/airflow/example_dags/example_python_operator.py took 0.094 seconds
