[2023-07-27T07:38:41.178+0000] {processor.py:157} INFO - Started process (PID=5020) to work on /home/airflow/.local/lib/python3.7/site-packages/airflow/example_dags/example_short_circuit_operator.py
[2023-07-27T07:38:41.180+0000] {processor.py:826} INFO - Processing file /home/airflow/.local/lib/python3.7/site-packages/airflow/example_dags/example_short_circuit_operator.py for tasks to queue
[2023-07-27T07:38:41.182+0000] {logging_mixin.py:149} INFO - [2023-07-27T07:38:41.182+0000] {dagbag.py:541} INFO - Filling up the DagBag from /home/airflow/.local/lib/python3.7/site-packages/airflow/example_dags/example_short_circuit_operator.py
[2023-07-27T07:38:41.194+0000] {processor.py:836} INFO - DAG(s) dict_keys(['example_short_circuit_operator']) retrieved from /home/airflow/.local/lib/python3.7/site-packages/airflow/example_dags/example_short_circuit_operator.py
[2023-07-27T07:38:41.223+0000] {logging_mixin.py:149} INFO - [2023-07-27T07:38:41.223+0000] {dag.py:2726} INFO - Sync 1 DAGs
[2023-07-27T07:38:41.248+0000] {logging_mixin.py:149} INFO - [2023-07-27T07:38:41.248+0000] {dag.py:3490} INFO - Setting next_dagrun for example_short_circuit_operator to 2023-07-26T07:38:41.248472+00:00, run_after=2023-07-27T07:38:41.248472+00:00
[2023-07-27T07:38:41.273+0000] {processor.py:179} INFO - Processing /home/airflow/.local/lib/python3.7/site-packages/airflow/example_dags/example_short_circuit_operator.py took 0.099 seconds
[2023-07-27T07:39:12.230+0000] {processor.py:157} INFO - Started process (PID=5119) to work on /home/airflow/.local/lib/python3.7/site-packages/airflow/example_dags/example_short_circuit_operator.py
[2023-07-27T07:39:12.231+0000] {processor.py:826} INFO - Processing file /home/airflow/.local/lib/python3.7/site-packages/airflow/example_dags/example_short_circuit_operator.py for tasks to queue
[2023-07-27T07:39:12.232+0000] {logging_mixin.py:149} INFO - [2023-07-27T07:39:12.232+0000] {dagbag.py:541} INFO - Filling up the DagBag from /home/airflow/.local/lib/python3.7/site-packages/airflow/example_dags/example_short_circuit_operator.py
[2023-07-27T07:39:12.241+0000] {processor.py:836} INFO - DAG(s) dict_keys(['example_short_circuit_operator']) retrieved from /home/airflow/.local/lib/python3.7/site-packages/airflow/example_dags/example_short_circuit_operator.py
[2023-07-27T07:39:12.271+0000] {logging_mixin.py:149} INFO - [2023-07-27T07:39:12.271+0000] {dag.py:2726} INFO - Sync 1 DAGs
[2023-07-27T07:39:12.294+0000] {logging_mixin.py:149} INFO - [2023-07-27T07:39:12.293+0000] {dag.py:3490} INFO - Setting next_dagrun for example_short_circuit_operator to 2023-07-26T07:39:12.293675+00:00, run_after=2023-07-27T07:39:12.293675+00:00
[2023-07-27T07:39:12.315+0000] {processor.py:179} INFO - Processing /home/airflow/.local/lib/python3.7/site-packages/airflow/example_dags/example_short_circuit_operator.py took 0.088 seconds
[2023-07-27T07:39:49.768+0000] {processor.py:157} INFO - Started process (PID=5216) to work on /home/airflow/.local/lib/python3.7/site-packages/airflow/example_dags/example_short_circuit_operator.py
[2023-07-27T07:39:49.769+0000] {processor.py:826} INFO - Processing file /home/airflow/.local/lib/python3.7/site-packages/airflow/example_dags/example_short_circuit_operator.py for tasks to queue
[2023-07-27T07:39:49.770+0000] {logging_mixin.py:149} INFO - [2023-07-27T07:39:49.770+0000] {dagbag.py:541} INFO - Filling up the DagBag from /home/airflow/.local/lib/python3.7/site-packages/airflow/example_dags/example_short_circuit_operator.py
[2023-07-27T07:39:49.779+0000] {processor.py:836} INFO - DAG(s) dict_keys(['example_short_circuit_operator']) retrieved from /home/airflow/.local/lib/python3.7/site-packages/airflow/example_dags/example_short_circuit_operator.py
[2023-07-27T07:39:49.805+0000] {logging_mixin.py:149} INFO - [2023-07-27T07:39:49.805+0000] {dag.py:2726} INFO - Sync 1 DAGs
[2023-07-27T07:39:49.830+0000] {logging_mixin.py:149} INFO - [2023-07-27T07:39:49.829+0000] {dag.py:3490} INFO - Setting next_dagrun for example_short_circuit_operator to 2023-07-26T07:39:49.829552+00:00, run_after=2023-07-27T07:39:49.829552+00:00
[2023-07-27T07:39:49.852+0000] {processor.py:179} INFO - Processing /home/airflow/.local/lib/python3.7/site-packages/airflow/example_dags/example_short_circuit_operator.py took 0.088 seconds
[2023-07-27T07:40:20.191+0000] {processor.py:157} INFO - Started process (PID=5304) to work on /home/airflow/.local/lib/python3.7/site-packages/airflow/example_dags/example_short_circuit_operator.py
[2023-07-27T07:40:20.193+0000] {processor.py:826} INFO - Processing file /home/airflow/.local/lib/python3.7/site-packages/airflow/example_dags/example_short_circuit_operator.py for tasks to queue
[2023-07-27T07:40:20.194+0000] {logging_mixin.py:149} INFO - [2023-07-27T07:40:20.194+0000] {dagbag.py:541} INFO - Filling up the DagBag from /home/airflow/.local/lib/python3.7/site-packages/airflow/example_dags/example_short_circuit_operator.py
[2023-07-27T07:40:20.203+0000] {processor.py:836} INFO - DAG(s) dict_keys(['example_short_circuit_operator']) retrieved from /home/airflow/.local/lib/python3.7/site-packages/airflow/example_dags/example_short_circuit_operator.py
[2023-07-27T07:40:20.231+0000] {logging_mixin.py:149} INFO - [2023-07-27T07:40:20.231+0000] {dag.py:2726} INFO - Sync 1 DAGs
[2023-07-27T07:40:20.255+0000] {logging_mixin.py:149} INFO - [2023-07-27T07:40:20.254+0000] {dag.py:3490} INFO - Setting next_dagrun for example_short_circuit_operator to 2023-07-26T07:40:20.254552+00:00, run_after=2023-07-27T07:40:20.254552+00:00
[2023-07-27T07:40:20.281+0000] {processor.py:179} INFO - Processing /home/airflow/.local/lib/python3.7/site-packages/airflow/example_dags/example_short_circuit_operator.py took 0.093 seconds
