[2023-07-27T07:38:42.485+0000] {processor.py:157} INFO - Started process (PID=5035) to work on /home/airflow/.local/lib/python3.7/site-packages/airflow/example_dags/example_params_trigger_ui.py
[2023-07-27T07:38:42.487+0000] {processor.py:826} INFO - Processing file /home/airflow/.local/lib/python3.7/site-packages/airflow/example_dags/example_params_trigger_ui.py for tasks to queue
[2023-07-27T07:38:42.488+0000] {logging_mixin.py:149} INFO - [2023-07-27T07:38:42.488+0000] {dagbag.py:541} INFO - Filling up the DagBag from /home/airflow/.local/lib/python3.7/site-packages/airflow/example_dags/example_params_trigger_ui.py
[2023-07-27T07:38:42.514+0000] {processor.py:836} INFO - DAG(s) dict_keys(['example_params_trigger_ui']) retrieved from /home/airflow/.local/lib/python3.7/site-packages/airflow/example_dags/example_params_trigger_ui.py
[2023-07-27T07:38:42.639+0000] {logging_mixin.py:149} INFO - [2023-07-27T07:38:42.639+0000] {dag.py:2726} INFO - Sync 1 DAGs
[2023-07-27T07:38:42.666+0000] {logging_mixin.py:149} INFO - [2023-07-27T07:38:42.666+0000] {dag.py:3490} INFO - Setting next_dagrun for example_params_trigger_ui to None, run_after=None
[2023-07-27T07:38:42.695+0000] {processor.py:179} INFO - Processing /home/airflow/.local/lib/python3.7/site-packages/airflow/example_dags/example_params_trigger_ui.py took 0.214 seconds
[2023-07-27T07:39:13.502+0000] {processor.py:157} INFO - Started process (PID=5133) to work on /home/airflow/.local/lib/python3.7/site-packages/airflow/example_dags/example_params_trigger_ui.py
[2023-07-27T07:39:13.503+0000] {processor.py:826} INFO - Processing file /home/airflow/.local/lib/python3.7/site-packages/airflow/example_dags/example_params_trigger_ui.py for tasks to queue
[2023-07-27T07:39:13.504+0000] {logging_mixin.py:149} INFO - [2023-07-27T07:39:13.504+0000] {dagbag.py:541} INFO - Filling up the DagBag from /home/airflow/.local/lib/python3.7/site-packages/airflow/example_dags/example_params_trigger_ui.py
[2023-07-27T07:39:13.529+0000] {processor.py:836} INFO - DAG(s) dict_keys(['example_params_trigger_ui']) retrieved from /home/airflow/.local/lib/python3.7/site-packages/airflow/example_dags/example_params_trigger_ui.py
[2023-07-27T07:39:13.625+0000] {logging_mixin.py:149} INFO - [2023-07-27T07:39:13.625+0000] {dag.py:2726} INFO - Sync 1 DAGs
[2023-07-27T07:39:13.648+0000] {logging_mixin.py:149} INFO - [2023-07-27T07:39:13.648+0000] {dag.py:3490} INFO - Setting next_dagrun for example_params_trigger_ui to None, run_after=None
[2023-07-27T07:39:13.671+0000] {processor.py:179} INFO - Processing /home/airflow/.local/lib/python3.7/site-packages/airflow/example_dags/example_params_trigger_ui.py took 0.173 seconds
[2023-07-27T07:39:51.347+0000] {processor.py:157} INFO - Started process (PID=5238) to work on /home/airflow/.local/lib/python3.7/site-packages/airflow/example_dags/example_params_trigger_ui.py
[2023-07-27T07:39:51.349+0000] {processor.py:826} INFO - Processing file /home/airflow/.local/lib/python3.7/site-packages/airflow/example_dags/example_params_trigger_ui.py for tasks to queue
[2023-07-27T07:39:51.350+0000] {logging_mixin.py:149} INFO - [2023-07-27T07:39:51.350+0000] {dagbag.py:541} INFO - Filling up the DagBag from /home/airflow/.local/lib/python3.7/site-packages/airflow/example_dags/example_params_trigger_ui.py
[2023-07-27T07:39:51.378+0000] {processor.py:836} INFO - DAG(s) dict_keys(['example_params_trigger_ui']) retrieved from /home/airflow/.local/lib/python3.7/site-packages/airflow/example_dags/example_params_trigger_ui.py
[2023-07-27T07:39:51.482+0000] {logging_mixin.py:149} INFO - [2023-07-27T07:39:51.482+0000] {dag.py:2726} INFO - Sync 1 DAGs
[2023-07-27T07:39:51.511+0000] {logging_mixin.py:149} INFO - [2023-07-27T07:39:51.511+0000] {dag.py:3490} INFO - Setting next_dagrun for example_params_trigger_ui to None, run_after=None
[2023-07-27T07:39:51.538+0000] {processor.py:179} INFO - Processing /home/airflow/.local/lib/python3.7/site-packages/airflow/example_dags/example_params_trigger_ui.py took 0.194 seconds
[2023-07-27T07:40:22.423+0000] {processor.py:157} INFO - Started process (PID=5335) to work on /home/airflow/.local/lib/python3.7/site-packages/airflow/example_dags/example_params_trigger_ui.py
[2023-07-27T07:40:22.424+0000] {processor.py:826} INFO - Processing file /home/airflow/.local/lib/python3.7/site-packages/airflow/example_dags/example_params_trigger_ui.py for tasks to queue
[2023-07-27T07:40:22.426+0000] {logging_mixin.py:149} INFO - [2023-07-27T07:40:22.425+0000] {dagbag.py:541} INFO - Filling up the DagBag from /home/airflow/.local/lib/python3.7/site-packages/airflow/example_dags/example_params_trigger_ui.py
[2023-07-27T07:40:22.447+0000] {processor.py:836} INFO - DAG(s) dict_keys(['example_params_trigger_ui']) retrieved from /home/airflow/.local/lib/python3.7/site-packages/airflow/example_dags/example_params_trigger_ui.py
[2023-07-27T07:40:22.539+0000] {logging_mixin.py:149} INFO - [2023-07-27T07:40:22.539+0000] {dag.py:2726} INFO - Sync 1 DAGs
[2023-07-27T07:40:22.572+0000] {logging_mixin.py:149} INFO - [2023-07-27T07:40:22.571+0000] {dag.py:3490} INFO - Setting next_dagrun for example_params_trigger_ui to None, run_after=None
[2023-07-27T07:40:22.597+0000] {processor.py:179} INFO - Processing /home/airflow/.local/lib/python3.7/site-packages/airflow/example_dags/example_params_trigger_ui.py took 0.178 seconds
