[2023-07-27T07:38:42.422+0000] {processor.py:157} INFO - Started process (PID=5033) to work on /home/airflow/.local/lib/python3.7/site-packages/airflow/example_dags/example_sensors.py
[2023-07-27T07:38:42.423+0000] {processor.py:826} INFO - Processing file /home/airflow/.local/lib/python3.7/site-packages/airflow/example_dags/example_sensors.py for tasks to queue
[2023-07-27T07:38:42.424+0000] {logging_mixin.py:149} INFO - [2023-07-27T07:38:42.424+0000] {dagbag.py:541} INFO - Filling up the DagBag from /home/airflow/.local/lib/python3.7/site-packages/airflow/example_dags/example_sensors.py
[2023-07-27T07:38:42.436+0000] {processor.py:836} INFO - DAG(s) dict_keys(['example_sensors']) retrieved from /home/airflow/.local/lib/python3.7/site-packages/airflow/example_dags/example_sensors.py
[2023-07-27T07:38:42.470+0000] {logging_mixin.py:149} INFO - [2023-07-27T07:38:42.470+0000] {dag.py:2726} INFO - Sync 1 DAGs
[2023-07-27T07:38:42.502+0000] {logging_mixin.py:149} INFO - [2023-07-27T07:38:42.501+0000] {dag.py:3490} INFO - Setting next_dagrun for example_sensors to None, run_after=None
[2023-07-27T07:38:42.526+0000] {processor.py:179} INFO - Processing /home/airflow/.local/lib/python3.7/site-packages/airflow/example_dags/example_sensors.py took 0.107 seconds
[2023-07-27T07:39:13.316+0000] {processor.py:157} INFO - Started process (PID=5131) to work on /home/airflow/.local/lib/python3.7/site-packages/airflow/example_dags/example_sensors.py
[2023-07-27T07:39:13.317+0000] {processor.py:826} INFO - Processing file /home/airflow/.local/lib/python3.7/site-packages/airflow/example_dags/example_sensors.py for tasks to queue
[2023-07-27T07:39:13.318+0000] {logging_mixin.py:149} INFO - [2023-07-27T07:39:13.318+0000] {dagbag.py:541} INFO - Filling up the DagBag from /home/airflow/.local/lib/python3.7/site-packages/airflow/example_dags/example_sensors.py
[2023-07-27T07:39:13.331+0000] {processor.py:836} INFO - DAG(s) dict_keys(['example_sensors']) retrieved from /home/airflow/.local/lib/python3.7/site-packages/airflow/example_dags/example_sensors.py
[2023-07-27T07:39:13.363+0000] {logging_mixin.py:149} INFO - [2023-07-27T07:39:13.362+0000] {dag.py:2726} INFO - Sync 1 DAGs
[2023-07-27T07:39:13.391+0000] {logging_mixin.py:149} INFO - [2023-07-27T07:39:13.391+0000] {dag.py:3490} INFO - Setting next_dagrun for example_sensors to None, run_after=None
[2023-07-27T07:39:13.411+0000] {processor.py:179} INFO - Processing /home/airflow/.local/lib/python3.7/site-packages/airflow/example_dags/example_sensors.py took 0.098 seconds
[2023-07-27T07:39:51.250+0000] {processor.py:157} INFO - Started process (PID=5237) to work on /home/airflow/.local/lib/python3.7/site-packages/airflow/example_dags/example_sensors.py
[2023-07-27T07:39:51.252+0000] {processor.py:826} INFO - Processing file /home/airflow/.local/lib/python3.7/site-packages/airflow/example_dags/example_sensors.py for tasks to queue
[2023-07-27T07:39:51.254+0000] {logging_mixin.py:149} INFO - [2023-07-27T07:39:51.254+0000] {dagbag.py:541} INFO - Filling up the DagBag from /home/airflow/.local/lib/python3.7/site-packages/airflow/example_dags/example_sensors.py
[2023-07-27T07:39:51.264+0000] {processor.py:836} INFO - DAG(s) dict_keys(['example_sensors']) retrieved from /home/airflow/.local/lib/python3.7/site-packages/airflow/example_dags/example_sensors.py
[2023-07-27T07:39:51.295+0000] {logging_mixin.py:149} INFO - [2023-07-27T07:39:51.295+0000] {dag.py:2726} INFO - Sync 1 DAGs
[2023-07-27T07:39:51.319+0000] {logging_mixin.py:149} INFO - [2023-07-27T07:39:51.319+0000] {dag.py:3490} INFO - Setting next_dagrun for example_sensors to None, run_after=None
[2023-07-27T07:39:51.342+0000] {processor.py:179} INFO - Processing /home/airflow/.local/lib/python3.7/site-packages/airflow/example_dags/example_sensors.py took 0.096 seconds
[2023-07-27T07:40:22.382+0000] {processor.py:157} INFO - Started process (PID=5334) to work on /home/airflow/.local/lib/python3.7/site-packages/airflow/example_dags/example_sensors.py
[2023-07-27T07:40:22.384+0000] {processor.py:826} INFO - Processing file /home/airflow/.local/lib/python3.7/site-packages/airflow/example_dags/example_sensors.py for tasks to queue
[2023-07-27T07:40:22.385+0000] {logging_mixin.py:149} INFO - [2023-07-27T07:40:22.385+0000] {dagbag.py:541} INFO - Filling up the DagBag from /home/airflow/.local/lib/python3.7/site-packages/airflow/example_dags/example_sensors.py
[2023-07-27T07:40:22.396+0000] {processor.py:836} INFO - DAG(s) dict_keys(['example_sensors']) retrieved from /home/airflow/.local/lib/python3.7/site-packages/airflow/example_dags/example_sensors.py
[2023-07-27T07:40:22.429+0000] {logging_mixin.py:149} INFO - [2023-07-27T07:40:22.429+0000] {dag.py:2726} INFO - Sync 1 DAGs
[2023-07-27T07:40:22.451+0000] {logging_mixin.py:149} INFO - [2023-07-27T07:40:22.451+0000] {dag.py:3490} INFO - Setting next_dagrun for example_sensors to None, run_after=None
[2023-07-27T07:40:22.473+0000] {processor.py:179} INFO - Processing /home/airflow/.local/lib/python3.7/site-packages/airflow/example_dags/example_sensors.py took 0.094 seconds
