[2023-07-27T07:38:41.771+0000] {processor.py:157} INFO - Started process (PID=5028) to work on /home/airflow/.local/lib/python3.7/site-packages/airflow/example_dags/example_dag_decorator.py
[2023-07-27T07:38:41.772+0000] {processor.py:826} INFO - Processing file /home/airflow/.local/lib/python3.7/site-packages/airflow/example_dags/example_dag_decorator.py for tasks to queue
[2023-07-27T07:38:41.773+0000] {logging_mixin.py:149} INFO - [2023-07-27T07:38:41.773+0000] {dagbag.py:541} INFO - Filling up the DagBag from /home/airflow/.local/lib/python3.7/site-packages/airflow/example_dags/example_dag_decorator.py
[2023-07-27T07:38:41.793+0000] {processor.py:836} INFO - DAG(s) dict_keys(['example_dag_decorator']) retrieved from /home/airflow/.local/lib/python3.7/site-packages/airflow/example_dags/example_dag_decorator.py
[2023-07-27T07:38:41.921+0000] {logging_mixin.py:149} INFO - [2023-07-27T07:38:41.920+0000] {dag.py:2726} INFO - Sync 1 DAGs
[2023-07-27T07:38:41.941+0000] {logging_mixin.py:149} INFO - [2023-07-27T07:38:41.941+0000] {dag.py:3490} INFO - Setting next_dagrun for example_dag_decorator to None, run_after=None
[2023-07-27T07:38:41.964+0000] {processor.py:179} INFO - Processing /home/airflow/.local/lib/python3.7/site-packages/airflow/example_dags/example_dag_decorator.py took 0.198 seconds
[2023-07-27T07:39:12.840+0000] {processor.py:157} INFO - Started process (PID=5126) to work on /home/airflow/.local/lib/python3.7/site-packages/airflow/example_dags/example_dag_decorator.py
[2023-07-27T07:39:12.842+0000] {processor.py:826} INFO - Processing file /home/airflow/.local/lib/python3.7/site-packages/airflow/example_dags/example_dag_decorator.py for tasks to queue
[2023-07-27T07:39:12.843+0000] {logging_mixin.py:149} INFO - [2023-07-27T07:39:12.843+0000] {dagbag.py:541} INFO - Filling up the DagBag from /home/airflow/.local/lib/python3.7/site-packages/airflow/example_dags/example_dag_decorator.py
[2023-07-27T07:39:12.858+0000] {processor.py:836} INFO - DAG(s) dict_keys(['example_dag_decorator']) retrieved from /home/airflow/.local/lib/python3.7/site-packages/airflow/example_dags/example_dag_decorator.py
[2023-07-27T07:39:12.987+0000] {logging_mixin.py:149} INFO - [2023-07-27T07:39:12.987+0000] {dag.py:2726} INFO - Sync 1 DAGs
[2023-07-27T07:39:13.008+0000] {logging_mixin.py:149} INFO - [2023-07-27T07:39:13.008+0000] {dag.py:3490} INFO - Setting next_dagrun for example_dag_decorator to None, run_after=None
[2023-07-27T07:39:13.031+0000] {processor.py:179} INFO - Processing /home/airflow/.local/lib/python3.7/site-packages/airflow/example_dags/example_dag_decorator.py took 0.194 seconds
[2023-07-27T07:39:50.885+0000] {processor.py:157} INFO - Started process (PID=5232) to work on /home/airflow/.local/lib/python3.7/site-packages/airflow/example_dags/example_dag_decorator.py
[2023-07-27T07:39:50.886+0000] {processor.py:826} INFO - Processing file /home/airflow/.local/lib/python3.7/site-packages/airflow/example_dags/example_dag_decorator.py for tasks to queue
[2023-07-27T07:39:50.888+0000] {logging_mixin.py:149} INFO - [2023-07-27T07:39:50.887+0000] {dagbag.py:541} INFO - Filling up the DagBag from /home/airflow/.local/lib/python3.7/site-packages/airflow/example_dags/example_dag_decorator.py
[2023-07-27T07:39:50.903+0000] {processor.py:836} INFO - DAG(s) dict_keys(['example_dag_decorator']) retrieved from /home/airflow/.local/lib/python3.7/site-packages/airflow/example_dags/example_dag_decorator.py
[2023-07-27T07:39:51.033+0000] {logging_mixin.py:149} INFO - [2023-07-27T07:39:51.033+0000] {dag.py:2726} INFO - Sync 1 DAGs
[2023-07-27T07:39:51.057+0000] {logging_mixin.py:149} INFO - [2023-07-27T07:39:51.057+0000] {dag.py:3490} INFO - Setting next_dagrun for example_dag_decorator to None, run_after=None
[2023-07-27T07:39:51.082+0000] {processor.py:179} INFO - Processing /home/airflow/.local/lib/python3.7/site-packages/airflow/example_dags/example_dag_decorator.py took 0.200 seconds
[2023-07-27T07:40:21.914+0000] {processor.py:157} INFO - Started process (PID=5329) to work on /home/airflow/.local/lib/python3.7/site-packages/airflow/example_dags/example_dag_decorator.py
[2023-07-27T07:40:21.915+0000] {processor.py:826} INFO - Processing file /home/airflow/.local/lib/python3.7/site-packages/airflow/example_dags/example_dag_decorator.py for tasks to queue
[2023-07-27T07:40:21.916+0000] {logging_mixin.py:149} INFO - [2023-07-27T07:40:21.916+0000] {dagbag.py:541} INFO - Filling up the DagBag from /home/airflow/.local/lib/python3.7/site-packages/airflow/example_dags/example_dag_decorator.py
[2023-07-27T07:40:21.932+0000] {processor.py:836} INFO - DAG(s) dict_keys(['example_dag_decorator']) retrieved from /home/airflow/.local/lib/python3.7/site-packages/airflow/example_dags/example_dag_decorator.py
[2023-07-27T07:40:22.054+0000] {logging_mixin.py:149} INFO - [2023-07-27T07:40:22.053+0000] {dag.py:2726} INFO - Sync 1 DAGs
[2023-07-27T07:40:22.074+0000] {logging_mixin.py:149} INFO - [2023-07-27T07:40:22.074+0000] {dag.py:3490} INFO - Setting next_dagrun for example_dag_decorator to None, run_after=None
[2023-07-27T07:40:22.097+0000] {processor.py:179} INFO - Processing /home/airflow/.local/lib/python3.7/site-packages/airflow/example_dags/example_dag_decorator.py took 0.186 seconds
