[2023-07-27T07:38:42.116+0000] {processor.py:157} INFO - Started process (PID=5030) to work on /home/airflow/.local/lib/python3.7/site-packages/airflow/example_dags/example_datasets.py
[2023-07-27T07:38:42.118+0000] {processor.py:826} INFO - Processing file /home/airflow/.local/lib/python3.7/site-packages/airflow/example_dags/example_datasets.py for tasks to queue
[2023-07-27T07:38:42.119+0000] {logging_mixin.py:149} INFO - [2023-07-27T07:38:42.119+0000] {dagbag.py:541} INFO - Filling up the DagBag from /home/airflow/.local/lib/python3.7/site-packages/airflow/example_dags/example_datasets.py
[2023-07-27T07:38:42.129+0000] {processor.py:836} INFO - DAG(s) dict_keys(['dataset_produces_2', 'dataset_consumes_1', 'dataset_produces_1', 'dataset_consumes_unknown_never_scheduled', 'dataset_consumes_1_never_scheduled', 'dataset_consumes_1_and_2']) retrieved from /home/airflow/.local/lib/python3.7/site-packages/airflow/example_dags/example_datasets.py
[2023-07-27T07:38:42.177+0000] {logging_mixin.py:149} INFO - [2023-07-27T07:38:42.177+0000] {dag.py:2726} INFO - Sync 6 DAGs
[2023-07-27T07:38:42.202+0000] {logging_mixin.py:149} INFO - [2023-07-27T07:38:42.202+0000] {dag.py:3490} INFO - Setting next_dagrun for dataset_consumes_1 to None, run_after=None
[2023-07-27T07:38:42.206+0000] {logging_mixin.py:149} INFO - [2023-07-27T07:38:42.206+0000] {dag.py:3490} INFO - Setting next_dagrun for dataset_consumes_1_and_2 to None, run_after=None
[2023-07-27T07:38:42.208+0000] {logging_mixin.py:149} INFO - [2023-07-27T07:38:42.208+0000] {dag.py:3490} INFO - Setting next_dagrun for dataset_consumes_1_never_scheduled to None, run_after=None
[2023-07-27T07:38:42.211+0000] {logging_mixin.py:149} INFO - [2023-07-27T07:38:42.210+0000] {dag.py:3490} INFO - Setting next_dagrun for dataset_consumes_unknown_never_scheduled to None, run_after=None
[2023-07-27T07:38:42.214+0000] {logging_mixin.py:149} INFO - [2023-07-27T07:38:42.214+0000] {dag.py:3490} INFO - Setting next_dagrun for dataset_produces_1 to 2023-07-26T00:00:00+00:00, run_after=2023-07-27T00:00:00+00:00
[2023-07-27T07:38:42.217+0000] {logging_mixin.py:149} INFO - [2023-07-27T07:38:42.217+0000] {dag.py:3490} INFO - Setting next_dagrun for dataset_produces_2 to None, run_after=None
[2023-07-27T07:38:42.259+0000] {processor.py:179} INFO - Processing /home/airflow/.local/lib/python3.7/site-packages/airflow/example_dags/example_datasets.py took 0.146 seconds
[2023-07-27T07:39:13.130+0000] {processor.py:157} INFO - Started process (PID=5128) to work on /home/airflow/.local/lib/python3.7/site-packages/airflow/example_dags/example_datasets.py
[2023-07-27T07:39:13.131+0000] {processor.py:826} INFO - Processing file /home/airflow/.local/lib/python3.7/site-packages/airflow/example_dags/example_datasets.py for tasks to queue
[2023-07-27T07:39:13.132+0000] {logging_mixin.py:149} INFO - [2023-07-27T07:39:13.132+0000] {dagbag.py:541} INFO - Filling up the DagBag from /home/airflow/.local/lib/python3.7/site-packages/airflow/example_dags/example_datasets.py
[2023-07-27T07:39:13.144+0000] {processor.py:836} INFO - DAG(s) dict_keys(['dataset_consumes_1_never_scheduled', 'dataset_consumes_unknown_never_scheduled', 'dataset_consumes_1_and_2', 'dataset_produces_1', 'dataset_consumes_1', 'dataset_produces_2']) retrieved from /home/airflow/.local/lib/python3.7/site-packages/airflow/example_dags/example_datasets.py
[2023-07-27T07:39:13.199+0000] {logging_mixin.py:149} INFO - [2023-07-27T07:39:13.199+0000] {dag.py:2726} INFO - Sync 6 DAGs
[2023-07-27T07:39:13.223+0000] {logging_mixin.py:149} INFO - [2023-07-27T07:39:13.223+0000] {dag.py:3490} INFO - Setting next_dagrun for dataset_consumes_1 to None, run_after=None
[2023-07-27T07:39:13.227+0000] {logging_mixin.py:149} INFO - [2023-07-27T07:39:13.227+0000] {dag.py:3490} INFO - Setting next_dagrun for dataset_consumes_1_and_2 to None, run_after=None
[2023-07-27T07:39:13.228+0000] {logging_mixin.py:149} INFO - [2023-07-27T07:39:13.228+0000] {dag.py:3490} INFO - Setting next_dagrun for dataset_consumes_1_never_scheduled to None, run_after=None
[2023-07-27T07:39:13.230+0000] {logging_mixin.py:149} INFO - [2023-07-27T07:39:13.230+0000] {dag.py:3490} INFO - Setting next_dagrun for dataset_consumes_unknown_never_scheduled to None, run_after=None
[2023-07-27T07:39:13.233+0000] {logging_mixin.py:149} INFO - [2023-07-27T07:39:13.233+0000] {dag.py:3490} INFO - Setting next_dagrun for dataset_produces_1 to 2023-07-26T00:00:00+00:00, run_after=2023-07-27T00:00:00+00:00
[2023-07-27T07:39:13.235+0000] {logging_mixin.py:149} INFO - [2023-07-27T07:39:13.235+0000] {dag.py:3490} INFO - Setting next_dagrun for dataset_produces_2 to None, run_after=None
[2023-07-27T07:39:13.275+0000] {processor.py:179} INFO - Processing /home/airflow/.local/lib/python3.7/site-packages/airflow/example_dags/example_datasets.py took 0.148 seconds
[2023-07-27T07:39:51.059+0000] {processor.py:157} INFO - Started process (PID=5234) to work on /home/airflow/.local/lib/python3.7/site-packages/airflow/example_dags/example_datasets.py
[2023-07-27T07:39:51.060+0000] {processor.py:826} INFO - Processing file /home/airflow/.local/lib/python3.7/site-packages/airflow/example_dags/example_datasets.py for tasks to queue
[2023-07-27T07:39:51.062+0000] {logging_mixin.py:149} INFO - [2023-07-27T07:39:51.061+0000] {dagbag.py:541} INFO - Filling up the DagBag from /home/airflow/.local/lib/python3.7/site-packages/airflow/example_dags/example_datasets.py
[2023-07-27T07:39:51.072+0000] {processor.py:836} INFO - DAG(s) dict_keys(['dataset_consumes_unknown_never_scheduled', 'dataset_consumes_1_never_scheduled', 'dataset_consumes_1_and_2', 'dataset_produces_2', 'dataset_produces_1', 'dataset_consumes_1']) retrieved from /home/airflow/.local/lib/python3.7/site-packages/airflow/example_dags/example_datasets.py
[2023-07-27T07:39:51.121+0000] {logging_mixin.py:149} INFO - [2023-07-27T07:39:51.120+0000] {dag.py:2726} INFO - Sync 6 DAGs
[2023-07-27T07:39:51.147+0000] {logging_mixin.py:149} INFO - [2023-07-27T07:39:51.146+0000] {dag.py:3490} INFO - Setting next_dagrun for dataset_consumes_1 to None, run_after=None
[2023-07-27T07:39:51.151+0000] {logging_mixin.py:149} INFO - [2023-07-27T07:39:51.151+0000] {dag.py:3490} INFO - Setting next_dagrun for dataset_consumes_1_and_2 to None, run_after=None
[2023-07-27T07:39:51.153+0000] {logging_mixin.py:149} INFO - [2023-07-27T07:39:51.153+0000] {dag.py:3490} INFO - Setting next_dagrun for dataset_consumes_1_never_scheduled to None, run_after=None
[2023-07-27T07:39:51.155+0000] {logging_mixin.py:149} INFO - [2023-07-27T07:39:51.155+0000] {dag.py:3490} INFO - Setting next_dagrun for dataset_consumes_unknown_never_scheduled to None, run_after=None
[2023-07-27T07:39:51.158+0000] {logging_mixin.py:149} INFO - [2023-07-27T07:39:51.158+0000] {dag.py:3490} INFO - Setting next_dagrun for dataset_produces_1 to 2023-07-26T00:00:00+00:00, run_after=2023-07-27T00:00:00+00:00
[2023-07-27T07:39:51.160+0000] {logging_mixin.py:149} INFO - [2023-07-27T07:39:51.160+0000] {dag.py:3490} INFO - Setting next_dagrun for dataset_produces_2 to None, run_after=None
[2023-07-27T07:39:51.200+0000] {processor.py:179} INFO - Processing /home/airflow/.local/lib/python3.7/site-packages/airflow/example_dags/example_datasets.py took 0.145 seconds
[2023-07-27T07:40:22.135+0000] {processor.py:157} INFO - Started process (PID=5331) to work on /home/airflow/.local/lib/python3.7/site-packages/airflow/example_dags/example_datasets.py
[2023-07-27T07:40:22.136+0000] {processor.py:826} INFO - Processing file /home/airflow/.local/lib/python3.7/site-packages/airflow/example_dags/example_datasets.py for tasks to queue
[2023-07-27T07:40:22.136+0000] {logging_mixin.py:149} INFO - [2023-07-27T07:40:22.136+0000] {dagbag.py:541} INFO - Filling up the DagBag from /home/airflow/.local/lib/python3.7/site-packages/airflow/example_dags/example_datasets.py
[2023-07-27T07:40:22.148+0000] {processor.py:836} INFO - DAG(s) dict_keys(['dataset_consumes_1_never_scheduled', 'dataset_consumes_unknown_never_scheduled', 'dataset_consumes_1_and_2', 'dataset_produces_1', 'dataset_produces_2', 'dataset_consumes_1']) retrieved from /home/airflow/.local/lib/python3.7/site-packages/airflow/example_dags/example_datasets.py
[2023-07-27T07:40:22.196+0000] {logging_mixin.py:149} INFO - [2023-07-27T07:40:22.196+0000] {dag.py:2726} INFO - Sync 6 DAGs
[2023-07-27T07:40:22.221+0000] {logging_mixin.py:149} INFO - [2023-07-27T07:40:22.221+0000] {dag.py:3490} INFO - Setting next_dagrun for dataset_consumes_1 to None, run_after=None
[2023-07-27T07:40:22.225+0000] {logging_mixin.py:149} INFO - [2023-07-27T07:40:22.225+0000] {dag.py:3490} INFO - Setting next_dagrun for dataset_consumes_1_and_2 to None, run_after=None
[2023-07-27T07:40:22.227+0000] {logging_mixin.py:149} INFO - [2023-07-27T07:40:22.227+0000] {dag.py:3490} INFO - Setting next_dagrun for dataset_consumes_1_never_scheduled to None, run_after=None
[2023-07-27T07:40:22.229+0000] {logging_mixin.py:149} INFO - [2023-07-27T07:40:22.229+0000] {dag.py:3490} INFO - Setting next_dagrun for dataset_consumes_unknown_never_scheduled to None, run_after=None
[2023-07-27T07:40:22.233+0000] {logging_mixin.py:149} INFO - [2023-07-27T07:40:22.233+0000] {dag.py:3490} INFO - Setting next_dagrun for dataset_produces_1 to 2023-07-26T00:00:00+00:00, run_after=2023-07-27T00:00:00+00:00
[2023-07-27T07:40:22.235+0000] {logging_mixin.py:149} INFO - [2023-07-27T07:40:22.235+0000] {dag.py:3490} INFO - Setting next_dagrun for dataset_produces_2 to None, run_after=None
[2023-07-27T07:40:22.272+0000] {processor.py:179} INFO - Processing /home/airflow/.local/lib/python3.7/site-packages/airflow/example_dags/example_datasets.py took 0.141 seconds
