[2023-07-27T07:38:43.343+0000] {processor.py:157} INFO - Started process (PID=5047) to work on /home/airflow/.local/lib/python3.7/site-packages/airflow/example_dags/example_nested_branch_dag.py
[2023-07-27T07:38:43.344+0000] {processor.py:826} INFO - Processing file /home/airflow/.local/lib/python3.7/site-packages/airflow/example_dags/example_nested_branch_dag.py for tasks to queue
[2023-07-27T07:38:43.346+0000] {logging_mixin.py:149} INFO - [2023-07-27T07:38:43.345+0000] {dagbag.py:541} INFO - Filling up the DagBag from /home/airflow/.local/lib/python3.7/site-packages/airflow/example_dags/example_nested_branch_dag.py
[2023-07-27T07:38:43.356+0000] {processor.py:836} INFO - DAG(s) dict_keys(['example_nested_branch_dag']) retrieved from /home/airflow/.local/lib/python3.7/site-packages/airflow/example_dags/example_nested_branch_dag.py
[2023-07-27T07:38:43.389+0000] {logging_mixin.py:149} INFO - [2023-07-27T07:38:43.389+0000] {dag.py:2726} INFO - Sync 1 DAGs
[2023-07-27T07:38:43.414+0000] {logging_mixin.py:149} INFO - [2023-07-27T07:38:43.413+0000] {dag.py:3490} INFO - Setting next_dagrun for example_nested_branch_dag to 2023-07-26T00:00:00+00:00, run_after=2023-07-27T00:00:00+00:00
[2023-07-27T07:38:43.439+0000] {processor.py:179} INFO - Processing /home/airflow/.local/lib/python3.7/site-packages/airflow/example_dags/example_nested_branch_dag.py took 0.099 seconds
[2023-07-27T07:39:14.164+0000] {processor.py:157} INFO - Started process (PID=5145) to work on /home/airflow/.local/lib/python3.7/site-packages/airflow/example_dags/example_nested_branch_dag.py
[2023-07-27T07:39:14.166+0000] {processor.py:826} INFO - Processing file /home/airflow/.local/lib/python3.7/site-packages/airflow/example_dags/example_nested_branch_dag.py for tasks to queue
[2023-07-27T07:39:14.167+0000] {logging_mixin.py:149} INFO - [2023-07-27T07:39:14.166+0000] {dagbag.py:541} INFO - Filling up the DagBag from /home/airflow/.local/lib/python3.7/site-packages/airflow/example_dags/example_nested_branch_dag.py
[2023-07-27T07:39:14.177+0000] {processor.py:836} INFO - DAG(s) dict_keys(['example_nested_branch_dag']) retrieved from /home/airflow/.local/lib/python3.7/site-packages/airflow/example_dags/example_nested_branch_dag.py
[2023-07-27T07:39:14.208+0000] {logging_mixin.py:149} INFO - [2023-07-27T07:39:14.208+0000] {dag.py:2726} INFO - Sync 1 DAGs
[2023-07-27T07:39:14.235+0000] {logging_mixin.py:149} INFO - [2023-07-27T07:39:14.235+0000] {dag.py:3490} INFO - Setting next_dagrun for example_nested_branch_dag to 2023-07-26T00:00:00+00:00, run_after=2023-07-27T00:00:00+00:00
[2023-07-27T07:39:14.260+0000] {processor.py:179} INFO - Processing /home/airflow/.local/lib/python3.7/site-packages/airflow/example_dags/example_nested_branch_dag.py took 0.099 seconds
[2023-07-27T07:39:52.146+0000] {processor.py:157} INFO - Started process (PID=5251) to work on /home/airflow/.local/lib/python3.7/site-packages/airflow/example_dags/example_nested_branch_dag.py
[2023-07-27T07:39:52.148+0000] {processor.py:826} INFO - Processing file /home/airflow/.local/lib/python3.7/site-packages/airflow/example_dags/example_nested_branch_dag.py for tasks to queue
[2023-07-27T07:39:52.149+0000] {logging_mixin.py:149} INFO - [2023-07-27T07:39:52.148+0000] {dagbag.py:541} INFO - Filling up the DagBag from /home/airflow/.local/lib/python3.7/site-packages/airflow/example_dags/example_nested_branch_dag.py
[2023-07-27T07:39:52.160+0000] {processor.py:836} INFO - DAG(s) dict_keys(['example_nested_branch_dag']) retrieved from /home/airflow/.local/lib/python3.7/site-packages/airflow/example_dags/example_nested_branch_dag.py
[2023-07-27T07:39:52.189+0000] {logging_mixin.py:149} INFO - [2023-07-27T07:39:52.189+0000] {dag.py:2726} INFO - Sync 1 DAGs
[2023-07-27T07:39:52.214+0000] {logging_mixin.py:149} INFO - [2023-07-27T07:39:52.214+0000] {dag.py:3490} INFO - Setting next_dagrun for example_nested_branch_dag to 2023-07-26T00:00:00+00:00, run_after=2023-07-27T00:00:00+00:00
[2023-07-27T07:39:52.235+0000] {processor.py:179} INFO - Processing /home/airflow/.local/lib/python3.7/site-packages/airflow/example_dags/example_nested_branch_dag.py took 0.092 seconds
[2023-07-27T07:40:23.293+0000] {processor.py:157} INFO - Started process (PID=5348) to work on /home/airflow/.local/lib/python3.7/site-packages/airflow/example_dags/example_nested_branch_dag.py
[2023-07-27T07:40:23.294+0000] {processor.py:826} INFO - Processing file /home/airflow/.local/lib/python3.7/site-packages/airflow/example_dags/example_nested_branch_dag.py for tasks to queue
[2023-07-27T07:40:23.295+0000] {logging_mixin.py:149} INFO - [2023-07-27T07:40:23.295+0000] {dagbag.py:541} INFO - Filling up the DagBag from /home/airflow/.local/lib/python3.7/site-packages/airflow/example_dags/example_nested_branch_dag.py
[2023-07-27T07:40:23.311+0000] {processor.py:836} INFO - DAG(s) dict_keys(['example_nested_branch_dag']) retrieved from /home/airflow/.local/lib/python3.7/site-packages/airflow/example_dags/example_nested_branch_dag.py
[2023-07-27T07:40:23.346+0000] {logging_mixin.py:149} INFO - [2023-07-27T07:40:23.346+0000] {dag.py:2726} INFO - Sync 1 DAGs
[2023-07-27T07:40:23.388+0000] {logging_mixin.py:149} INFO - [2023-07-27T07:40:23.388+0000] {dag.py:3490} INFO - Setting next_dagrun for example_nested_branch_dag to 2023-07-26T00:00:00+00:00, run_after=2023-07-27T00:00:00+00:00
[2023-07-27T07:40:23.414+0000] {processor.py:179} INFO - Processing /home/airflow/.local/lib/python3.7/site-packages/airflow/example_dags/example_nested_branch_dag.py took 0.125 seconds
