[2023-07-27T07:38:42.738+0000] {processor.py:157} INFO - Started process (PID=5038) to work on /home/airflow/.local/lib/python3.7/site-packages/airflow/example_dags/tutorial_dag.py
[2023-07-27T07:38:42.740+0000] {processor.py:826} INFO - Processing file /home/airflow/.local/lib/python3.7/site-packages/airflow/example_dags/tutorial_dag.py for tasks to queue
[2023-07-27T07:38:42.741+0000] {logging_mixin.py:149} INFO - [2023-07-27T07:38:42.741+0000] {dagbag.py:541} INFO - Filling up the DagBag from /home/airflow/.local/lib/python3.7/site-packages/airflow/example_dags/tutorial_dag.py
[2023-07-27T07:38:42.747+0000] {processor.py:836} INFO - DAG(s) dict_keys(['tutorial_dag']) retrieved from /home/airflow/.local/lib/python3.7/site-packages/airflow/example_dags/tutorial_dag.py
[2023-07-27T07:38:42.789+0000] {logging_mixin.py:149} INFO - [2023-07-27T07:38:42.789+0000] {dag.py:2726} INFO - Sync 1 DAGs
[2023-07-27T07:38:42.817+0000] {logging_mixin.py:149} INFO - [2023-07-27T07:38:42.817+0000] {dag.py:3490} INFO - Setting next_dagrun for tutorial_dag to None, run_after=None
[2023-07-27T07:38:42.840+0000] {processor.py:179} INFO - Processing /home/airflow/.local/lib/python3.7/site-packages/airflow/example_dags/tutorial_dag.py took 0.107 seconds
[2023-07-27T07:39:13.702+0000] {processor.py:157} INFO - Started process (PID=5136) to work on /home/airflow/.local/lib/python3.7/site-packages/airflow/example_dags/tutorial_dag.py
[2023-07-27T07:39:13.704+0000] {processor.py:826} INFO - Processing file /home/airflow/.local/lib/python3.7/site-packages/airflow/example_dags/tutorial_dag.py for tasks to queue
[2023-07-27T07:39:13.705+0000] {logging_mixin.py:149} INFO - [2023-07-27T07:39:13.704+0000] {dagbag.py:541} INFO - Filling up the DagBag from /home/airflow/.local/lib/python3.7/site-packages/airflow/example_dags/tutorial_dag.py
[2023-07-27T07:39:13.710+0000] {processor.py:836} INFO - DAG(s) dict_keys(['tutorial_dag']) retrieved from /home/airflow/.local/lib/python3.7/site-packages/airflow/example_dags/tutorial_dag.py
[2023-07-27T07:39:13.737+0000] {logging_mixin.py:149} INFO - [2023-07-27T07:39:13.737+0000] {dag.py:2726} INFO - Sync 1 DAGs
[2023-07-27T07:39:13.761+0000] {logging_mixin.py:149} INFO - [2023-07-27T07:39:13.761+0000] {dag.py:3490} INFO - Setting next_dagrun for tutorial_dag to None, run_after=None
[2023-07-27T07:39:13.785+0000] {processor.py:179} INFO - Processing /home/airflow/.local/lib/python3.7/site-packages/airflow/example_dags/tutorial_dag.py took 0.086 seconds
[2023-07-27T07:39:51.654+0000] {processor.py:157} INFO - Started process (PID=5242) to work on /home/airflow/.local/lib/python3.7/site-packages/airflow/example_dags/tutorial_dag.py
[2023-07-27T07:39:51.656+0000] {processor.py:826} INFO - Processing file /home/airflow/.local/lib/python3.7/site-packages/airflow/example_dags/tutorial_dag.py for tasks to queue
[2023-07-27T07:39:51.657+0000] {logging_mixin.py:149} INFO - [2023-07-27T07:39:51.657+0000] {dagbag.py:541} INFO - Filling up the DagBag from /home/airflow/.local/lib/python3.7/site-packages/airflow/example_dags/tutorial_dag.py
[2023-07-27T07:39:51.665+0000] {processor.py:836} INFO - DAG(s) dict_keys(['tutorial_dag']) retrieved from /home/airflow/.local/lib/python3.7/site-packages/airflow/example_dags/tutorial_dag.py
[2023-07-27T07:39:51.703+0000] {logging_mixin.py:149} INFO - [2023-07-27T07:39:51.702+0000] {dag.py:2726} INFO - Sync 1 DAGs
[2023-07-27T07:39:51.730+0000] {logging_mixin.py:149} INFO - [2023-07-27T07:39:51.730+0000] {dag.py:3490} INFO - Setting next_dagrun for tutorial_dag to None, run_after=None
[2023-07-27T07:39:51.751+0000] {processor.py:179} INFO - Processing /home/airflow/.local/lib/python3.7/site-packages/airflow/example_dags/tutorial_dag.py took 0.102 seconds
[2023-07-27T07:40:22.690+0000] {processor.py:157} INFO - Started process (PID=5339) to work on /home/airflow/.local/lib/python3.7/site-packages/airflow/example_dags/tutorial_dag.py
[2023-07-27T07:40:22.691+0000] {processor.py:826} INFO - Processing file /home/airflow/.local/lib/python3.7/site-packages/airflow/example_dags/tutorial_dag.py for tasks to queue
[2023-07-27T07:40:22.692+0000] {logging_mixin.py:149} INFO - [2023-07-27T07:40:22.692+0000] {dagbag.py:541} INFO - Filling up the DagBag from /home/airflow/.local/lib/python3.7/site-packages/airflow/example_dags/tutorial_dag.py
[2023-07-27T07:40:22.697+0000] {processor.py:836} INFO - DAG(s) dict_keys(['tutorial_dag']) retrieved from /home/airflow/.local/lib/python3.7/site-packages/airflow/example_dags/tutorial_dag.py
[2023-07-27T07:40:22.724+0000] {logging_mixin.py:149} INFO - [2023-07-27T07:40:22.724+0000] {dag.py:2726} INFO - Sync 1 DAGs
[2023-07-27T07:40:22.747+0000] {logging_mixin.py:149} INFO - [2023-07-27T07:40:22.747+0000] {dag.py:3490} INFO - Setting next_dagrun for tutorial_dag to None, run_after=None
[2023-07-27T07:40:22.767+0000] {processor.py:179} INFO - Processing /home/airflow/.local/lib/python3.7/site-packages/airflow/example_dags/tutorial_dag.py took 0.081 seconds
